[rps-backend_master-2CQFYV2JUDAYL3STJXQ73TMCXPN3USY2A4FQLFTYGJXHYYBAN2YQ] Running shell script
+ sudo docker build . --tag ****/rps-backend:0.1.17
Sending build context to Docker daemon  30.11MB
Step 1/6 : FROM openjdk:8-jdk-slim
 ---> 4c6a18e83c0d
Step 2/6 : EXPOSE 8080
 ---> Using cache
 ---> 7d72cae5d2b9
Step 3/6 : VOLUME /tmp
 ---> Using cache
 ---> 6b062fc259ce
Step 4/6 : ADD /bin/libs/spring-rps-service-1.0.jar spring-rps-service-1.0.jar
 ---> ccb189c265b1
Step 5/6 : RUN sh -c 'touch /spring-rps-service-1.0.jar'
 ---> Running in 294421f73b06
 ---> b8ab4d42cf97
Removing intermediate container 294421f73b06
Step 6/6 : ENTRYPOINT java -jar /spring-rps-service-1.0.jar
 ---> Running in a550ca0f10f0
 ---> 1527ffda5725
Removing intermediate container a550ca0f10f0
Successfully built 1527ffda5725
Successfully tagged ****/rps-backend:0.1.17
