[rps-backend_master-2CQFYV2JUDAYL3STJXQ73TMCXPN3USY2A4FQLFTYGJXHYYBAN2YQ] Running shell script
+ sudo docker push husamay/rps-backend:0.1.17
The push refers to a repository [docker.io/husamay/rps-backend]
97d27c7d6da8: Preparing
31cd6e714c50: Preparing
6c822b4fa808: Preparing
9cc5ba890a82: Preparing
d1b379aadce4: Preparing
f4c495f94812: Preparing
eb05d3354c13: Preparing
cec7521cdf36: Preparing
f4c495f94812: Waiting
eb05d3354c13: Waiting
cec7521cdf36: Waiting
d1b379aadce4: Layer already exists
6c822b4fa808: Layer already exists
9cc5ba890a82: Layer already exists
f4c495f94812: Layer already exists
eb05d3354c13: Layer already exists
cec7521cdf36: Layer already exists
97d27c7d6da8: Pushed
31cd6e714c50: Pushed
0.1.17: digest: sha256:d7c67ee6b4477f2100182f9507ce2985cccb1b990cd60322621ab2e48023204c size: 1999
