[rps-backend_master-2CQFYV2JUDAYL3STJXQ73TMCXPN3USY2A4FQLFTYGJXHYYBAN2YQ] Running shell script
+ sudo docker push husamay/rps-backend
The push refers to a repository [docker.io/husamay/rps-backend]
9f392779d00f: Preparing
ac4fc32ddcb5: Preparing
6c822b4fa808: Preparing
9cc5ba890a82: Preparing
d1b379aadce4: Preparing
f4c495f94812: Preparing
eb05d3354c13: Preparing
cec7521cdf36: Preparing
cec7521cdf36: Waiting
9f392779d00f: Layer already exists
6c822b4fa808: Layer already exists
ac4fc32ddcb5: Layer already exists
9cc5ba890a82: Layer already exists
d1b379aadce4: Layer already exists
f4c495f94812: Layer already exists
cec7521cdf36: Layer already exists
eb05d3354c13: Layer already exists
0.1.16: digest: sha256:d69c176058908916106da92b1fa5ef0de953e0b3987cb17c148efb84c824ea09 size: 1999
97d27c7d6da8: Preparing
31cd6e714c50: Preparing
6c822b4fa808: Preparing
9cc5ba890a82: Preparing
d1b379aadce4: Preparing
f4c495f94812: Preparing
eb05d3354c13: Preparing
cec7521cdf36: Preparing
d1b379aadce4: Layer already exists
f4c495f94812: Waiting
9cc5ba890a82: Layer already exists
f4c495f94812: Layer already exists
cec7521cdf36: Waiting
6c822b4fa808: Layer already exists
eb05d3354c13: Layer already exists
cec7521cdf36: Layer already exists
97d27c7d6da8: Layer already exists
31cd6e714c50: Layer already exists
0.1.17: digest: sha256:d7c67ee6b4477f2100182f9507ce2985cccb1b990cd60322621ab2e48023204c size: 1999
03ba74e0e698: Preparing
d9d5eb261b8e: Preparing
6c822b4fa808: Preparing
9cc5ba890a82: Preparing
d1b379aadce4: Preparing
f4c495f94812: Preparing
eb05d3354c13: Preparing
cec7521cdf36: Preparing
6c822b4fa808: Layer already exists
d1b379aadce4: Layer already exists
9cc5ba890a82: Layer already exists
f4c495f94812: Layer already exists
cec7521cdf36: Layer already exists
eb05d3354c13: Layer already exists
03ba74e0e698: Layer already exists
d9d5eb261b8e: Layer already exists
0.1.8: digest: sha256:8ee61b032b61e58d0f29b19871e40c24e86c1a8783fa6a7d321d2b14524505ea size: 1999
