[rps-backend_master-2CQFYV2JUDAYL3STJXQ73TMCXPN3USY2A4FQLFTYGJXHYYBAN2YQ] Running shell script
+ ./gradlew clean build
Downloading https://services.gradle.org/distributions/gradle-4.1-bin.zip
................................................................
Unzipping /var/jenkins_home/.gradle/wrapper/dists/gradle-4.1-bin/c3kp51zwwt108wc78u68yt7vs/gradle-4.1-bin.zip to /var/jenkins_home/.gradle/wrapper/dists/gradle-4.1-bin/c3kp51zwwt108wc78u68yt7vs
Set executable permissions for: /var/jenkins_home/.gradle/wrapper/dists/gradle-4.1-bin/c3kp51zwwt108wc78u68yt7vs/gradle-4.1/bin/gradle
Starting a Gradle Daemon (subsequent builds will be faster)
Download https://repo1.maven.org/maven2/org/springframework/boot/spring-boot-gradle-plugin/1.5.7.RELEASE/spring-boot-gradle-plugin-1.5.7.RELEASE.pom
Download https://repo1.maven.org/maven2/org/springframework/boot/spring-boot-tools/1.5.7.RELEASE/spring-boot-tools-1.5.7.RELEASE.pom
Download https://repo1.maven.org/maven2/org/springframework/boot/spring-boot-parent/1.5.7.RELEASE/spring-boot-parent-1.5.7.RELEASE.pom
Download https://repo1.maven.org/maven2/org/springframework/boot/spring-boot-dependencies/1.5.7.RELEASE/spring-boot-dependencies-1.5.7.RELEASE.pom
Download https://repo1.maven.org/maven2/com/fasterxml/jackson/jackson-bom/2.8.10/jackson-bom-2.8.10.pom
Download https://repo1.maven.org/maven2/com/fasterxml/jackson/jackson-parent/2.8/jackson-parent-2.8.pom
Download https://repo1.maven.org/maven2/com/fasterxml/oss-parent/27/oss-parent-27.pom
Download https://repo1.maven.org/maven2/org/apache/logging/log4j/log4j-bom/2.7/log4j-bom-2.7.pom
Download https://repo1.maven.org/maven2/org/apache/apache/9/apache-9.pom
Download https://repo1.maven.org/maven2/org/springframework/spring-framework-bom/4.3.11.RELEASE/spring-framework-bom-4.3.11.RELEASE.pom
Download https://repo1.maven.org/maven2/org/springframework/data/spring-data-releasetrain/Ingalls-SR7/spring-data-releasetrain-Ingalls-SR7.pom
Download https://repo1.maven.org/maven2/org/springframework/data/build/spring-data-build/1.9.7.RELEASE/spring-data-build-1.9.7.RELEASE.pom
Download https://repo1.maven.org/maven2/org/springframework/integration/spring-integration-bom/4.3.12.RELEASE/spring-integration-bom-4.3.12.RELEASE.pom
Download https://repo1.maven.org/maven2/org/springframework/security/spring-security-bom/4.2.3.RELEASE/spring-security-bom-4.2.3.RELEASE.pom
Download https://repo1.maven.org/maven2/org/springframework/boot/spring-boot-loader-tools/1.5.7.RELEASE/spring-boot-loader-tools-1.5.7.RELEASE.pom
Download https://repo1.maven.org/maven2/io/spring/gradle/dependency-management-plugin/1.0.3.RELEASE/dependency-management-plugin-1.0.3.RELEASE.pom
Download https://repo1.maven.org/maven2/org/springframework/spring-core/4.3.11.RELEASE/spring-core-4.3.11.RELEASE.pom
Download https://repo1.maven.org/maven2/commons-logging/commons-logging/1.2/commons-logging-1.2.pom
Download https://repo1.maven.org/maven2/org/apache/commons/commons-parent/34/commons-parent-34.pom
Download https://repo1.maven.org/maven2/org/apache/apache/13/apache-13.pom
Download https://repo1.maven.org/maven2/commons-logging/commons-logging/1.2/commons-logging-1.2.jar
Download https://repo1.maven.org/maven2/org/springframework/spring-core/4.3.11.RELEASE/spring-core-4.3.11.RELEASE.jar
Download https://repo1.maven.org/maven2/org/springframework/boot/spring-boot-gradle-plugin/1.5.7.RELEASE/spring-boot-gradle-plugin-1.5.7.RELEASE.jar
Download https://repo1.maven.org/maven2/org/springframework/boot/spring-boot-loader-tools/1.5.7.RELEASE/spring-boot-loader-tools-1.5.7.RELEASE.jar
Download https://repo1.maven.org/maven2/io/spring/gradle/dependency-management-plugin/1.0.3.RELEASE/dependency-management-plugin-1.0.3.RELEASE.jar
Download https://repo1.maven.org/maven2/org/springframework/boot/spring-boot-starter-parent/1.5.7.RELEASE/spring-boot-starter-parent-1.5.7.RELEASE.pom
Download https://repo1.maven.org/maven2/org/springframework/boot/spring-boot-starter-web/1.5.7.RELEASE/spring-boot-starter-web-1.5.7.RELEASE.pom
Download https://repo1.maven.org/maven2/org/springframework/boot/spring-boot-starter-data-jpa/1.5.7.RELEASE/spring-boot-starter-data-jpa-1.5.7.RELEASE.pom
Download https://repo1.maven.org/maven2/org/springframework/boot/spring-boot-starters/1.5.7.RELEASE/spring-boot-starters-1.5.7.RELEASE.pom
Download https://repo1.maven.org/maven2/org/springframework/boot/spring-boot-starter-aop/1.5.7.RELEASE/spring-boot-starter-aop-1.5.7.RELEASE.pom
Download https://repo1.maven.org/maven2/org/springframework/boot/spring-boot-starter/1.5.7.RELEASE/spring-boot-starter-1.5.7.RELEASE.pom
Download https://repo1.maven.org/maven2/org/hibernate/hibernate-entitymanager/5.0.12.Final/hibernate-entitymanager-5.0.12.Final.pom
Download https://repo1.maven.org/maven2/javax/transaction/javax.transaction-api/1.2/javax.transaction-api-1.2.pom
Download https://repo1.maven.org/maven2/org/springframework/boot/spring-boot-starter-jdbc/1.5.7.RELEASE/spring-boot-starter-jdbc-1.5.7.RELEASE.pom
Download https://repo1.maven.org/maven2/org/hibernate/hibernate-core/5.0.12.Final/hibernate-core-5.0.12.Final.pom
Download https://repo1.maven.org/maven2/org/springframework/spring-aspects/4.3.11.RELEASE/spring-aspects-4.3.11.RELEASE.pom
Download https://repo1.maven.org/maven2/org/springframework/data/spring-data-jpa/1.11.7.RELEASE/spring-data-jpa-1.11.7.RELEASE.pom
Download https://repo1.maven.org/maven2/net/java/jvnet-parent/3/jvnet-parent-3.pom
Download https://repo1.maven.org/maven2/org/springframework/data/build/spring-data-parent/1.9.7.RELEASE/spring-data-parent-1.9.7.RELEASE.pom
Download https://repo1.maven.org/maven2/org/springframework/spring-webmvc/4.3.11.RELEASE/spring-webmvc-4.3.11.RELEASE.pom
Download https://repo1.maven.org/maven2/org/springframework/spring-web/4.3.11.RELEASE/spring-web-4.3.11.RELEASE.pom
Download https://repo1.maven.org/maven2/org/hibernate/hibernate-validator/5.3.5.Final/hibernate-validator-5.3.5.Final.pom
Download https://repo1.maven.org/maven2/com/fasterxml/jackson/core/jackson-databind/2.8.10/jackson-databind-2.8.10.pom
Download https://repo1.maven.org/maven2/org/hibernate/hibernate-validator-parent/5.3.5.Final/hibernate-validator-parent-5.3.5.Final.pom
Download https://repo1.maven.org/maven2/org/springframework/boot/spring-boot-starter-tomcat/1.5.7.RELEASE/spring-boot-starter-tomcat-1.5.7.RELEASE.pom
Download https://repo1.maven.org/maven2/org/jboss/arquillian/arquillian-bom/1.1.11.Final/arquillian-bom-1.1.11.Final.pom
Download https://repo1.maven.org/maven2/org/jboss/shrinkwrap/shrinkwrap-bom/1.2.3/shrinkwrap-bom-1.2.3.pom
Download https://repo1.maven.org/maven2/org/jboss/shrinkwrap/resolver/shrinkwrap-resolver-bom/2.2.0/shrinkwrap-resolver-bom-2.2.0.pom
Download https://repo1.maven.org/maven2/org/jboss/shrinkwrap/descriptors/shrinkwrap-descriptors-bom/2.0.0-alpha-8/shrinkwrap-descriptors-bom-2.0.0-alpha-8.pom
Download https://repo1.maven.org/maven2/org/yaml/snakeyaml/1.17/snakeyaml-1.17.pom
Download https://repo1.maven.org/maven2/org/springframework/boot/spring-boot-autoconfigure/1.5.7.RELEASE/spring-boot-autoconfigure-1.5.7.RELEASE.pom
Download https://repo1.maven.org/maven2/org/springframework/boot/spring-boot-starter-logging/1.5.7.RELEASE/spring-boot-starter-logging-1.5.7.RELEASE.pom
Download https://repo1.maven.org/maven2/org/springframework/boot/spring-boot/1.5.7.RELEASE/spring-boot-1.5.7.RELEASE.pom
Download https://repo1.maven.org/maven2/org/springframework/spring-aop/4.3.11.RELEASE/spring-aop-4.3.11.RELEASE.pom
Download https://repo1.maven.org/maven2/org/aspectj/aspectjweaver/1.8.10/aspectjweaver-1.8.10.pom
Download https://repo1.maven.org/maven2/org/apache/tomcat/tomcat-jdbc/8.5.20/tomcat-jdbc-8.5.20.pom
Download https://repo1.maven.org/maven2/org/springframework/spring-jdbc/4.3.11.RELEASE/spring-jdbc-4.3.11.RELEASE.pom
Download https://repo1.maven.org/maven2/org/hibernate/javax/persistence/hibernate-jpa-2.1-api/1.0.0.Final/hibernate-jpa-2.1-api-1.0.0.Final.pom
Download https://repo1.maven.org/maven2/org/hibernate/common/hibernate-commons-annotations/5.0.1.Final/hibernate-commons-annotations-5.0.1.Final.pom
Download https://repo1.maven.org/maven2/antlr/antlr/2.7.7/antlr-2.7.7.pom
Download https://repo1.maven.org/maven2/org/jboss/logging/jboss-logging/3.3.1.Final/jboss-logging-3.3.1.Final.pom
Download https://repo1.maven.org/maven2/dom4j/dom4j/1.6.1/dom4j-1.6.1.pom
Download https://repo1.maven.org/maven2/org/javassist/javassist/3.21.0-GA/javassist-3.21.0-GA.pom
Download https://repo1.maven.org/maven2/org/jboss/jandex/2.0.0.Final/jandex-2.0.0.Final.pom
Download https://repo1.maven.org/maven2/org/jboss/jboss-parent/15/jboss-parent-15.pom
Download https://repo1.maven.org/maven2/org/jboss/jboss-parent/12/jboss-parent-12.pom
Download https://repo1.maven.org/maven2/org/slf4j/slf4j-api/1.7.25/slf4j-api-1.7.25.pom
Download https://repo1.maven.org/maven2/org/springframework/spring-tx/4.3.11.RELEASE/spring-tx-4.3.11.RELEASE.pom
Download https://repo1.maven.org/maven2/org/slf4j/jcl-over-slf4j/1.7.25/jcl-over-slf4j-1.7.25.pom
Download https://repo1.maven.org/maven2/org/springframework/spring-context/4.3.11.RELEASE/spring-context-4.3.11.RELEASE.pom
Download https://repo1.maven.org/maven2/org/springframework/spring-orm/4.3.11.RELEASE/spring-orm-4.3.11.RELEASE.pom
Download https://repo1.maven.org/maven2/org/slf4j/slf4j-parent/1.7.25/slf4j-parent-1.7.25.pom
Download https://repo1.maven.org/maven2/org/springframework/spring-beans/4.3.11.RELEASE/spring-beans-4.3.11.RELEASE.pom
Download https://repo1.maven.org/maven2/org/springframework/data/spring-data-commons/1.13.7.RELEASE/spring-data-commons-1.13.7.RELEASE.pom
Download https://repo1.maven.org/maven2/org/apache/tomcat/embed/tomcat-embed-el/8.5.20/tomcat-embed-el-8.5.20.pom
Download https://repo1.maven.org/maven2/org/apache/tomcat/embed/tomcat-embed-core/8.5.20/tomcat-embed-core-8.5.20.pom
Download https://repo1.maven.org/maven2/org/apache/tomcat/embed/tomcat-embed-websocket/8.5.20/tomcat-embed-websocket-8.5.20.pom
Download https://repo1.maven.org/maven2/javax/validation/validation-api/1.1.0.Final/validation-api-1.1.0.Final.pom
Download https://repo1.maven.org/maven2/com/fasterxml/classmate/1.3.4/classmate-1.3.4.pom
Download https://repo1.maven.org/maven2/com/fasterxml/oss-parent/24/oss-parent-24.pom
Download https://repo1.maven.org/maven2/com/fasterxml/jackson/core/jackson-core/2.8.10/jackson-core-2.8.10.pom
Download https://repo1.maven.org/maven2/com/fasterxml/jackson/core/jackson-annotations/2.8.0/jackson-annotations-2.8.0.pom
Download https://repo1.maven.org/maven2/org/springframework/spring-expression/4.3.11.RELEASE/spring-expression-4.3.11.RELEASE.pom
Download https://repo1.maven.org/maven2/org/slf4j/log4j-over-slf4j/1.7.25/log4j-over-slf4j-1.7.25.pom
Download https://repo1.maven.org/maven2/ch/qos/logback/logback-classic/1.1.11/logback-classic-1.1.11.pom
Download https://repo1.maven.org/maven2/org/slf4j/jul-to-slf4j/1.7.25/jul-to-slf4j-1.7.25.pom
Download https://repo1.maven.org/maven2/ch/qos/logback/logback-parent/1.1.11/logback-parent-1.1.11.pom
Download https://repo1.maven.org/maven2/org/apache/tomcat/tomcat-juli/8.5.20/tomcat-juli-8.5.20.pom
Download https://repo1.maven.org/maven2/xml-apis/xml-apis/1.4.01/xml-apis-1.4.01.pom
Download https://repo1.maven.org/maven2/ch/qos/logback/logback-core/1.1.11/logback-core-1.1.11.pom
Download https://repo1.maven.org/maven2/org/springframework/boot/spring-boot-starter-data-jpa/1.5.7.RELEASE/spring-boot-starter-data-jpa-1.5.7.RELEASE.jar
Download https://repo1.maven.org/maven2/org/springframework/boot/spring-boot-starter-jdbc/1.5.7.RELEASE/spring-boot-starter-jdbc-1.5.7.RELEASE.jar
Download https://repo1.maven.org/maven2/org/springframework/boot/spring-boot-starter-aop/1.5.7.RELEASE/spring-boot-starter-aop-1.5.7.RELEASE.jar
Download https://repo1.maven.org/maven2/org/hibernate/hibernate-core/5.0.12.Final/hibernate-core-5.0.12.Final.jar
Download https://repo1.maven.org/maven2/org/hibernate/hibernate-entitymanager/5.0.12.Final/hibernate-entitymanager-5.0.12.Final.jar
Download https://repo1.maven.org/maven2/org/springframework/boot/spring-boot-starter-web/1.5.7.RELEASE/spring-boot-starter-web-1.5.7.RELEASE.jar
Download https://repo1.maven.org/maven2/javax/transaction/javax.transaction-api/1.2/javax.transaction-api-1.2.jar
Download https://repo1.maven.org/maven2/org/springframework/data/spring-data-jpa/1.11.7.RELEASE/spring-data-jpa-1.11.7.RELEASE.jar
Download https://repo1.maven.org/maven2/org/springframework/boot/spring-boot-starter-tomcat/1.5.7.RELEASE/spring-boot-starter-tomcat-1.5.7.RELEASE.jar
Download https://repo1.maven.org/maven2/org/springframework/spring-aspects/4.3.11.RELEASE/spring-aspects-4.3.11.RELEASE.jar
Download https://repo1.maven.org/maven2/org/hibernate/hibernate-validator/5.3.5.Final/hibernate-validator-5.3.5.Final.jar
Download https://repo1.maven.org/maven2/org/springframework/boot/spring-boot-starter/1.5.7.RELEASE/spring-boot-starter-1.5.7.RELEASE.jar
Download https://repo1.maven.org/maven2/com/fasterxml/jackson/core/jackson-databind/2.8.10/jackson-databind-2.8.10.jar
Download https://repo1.maven.org/maven2/org/springframework/spring-webmvc/4.3.11.RELEASE/spring-webmvc-4.3.11.RELEASE.jar
Download https://repo1.maven.org/maven2/org/springframework/spring-web/4.3.11.RELEASE/spring-web-4.3.11.RELEASE.jar
Download https://repo1.maven.org/maven2/org/springframework/boot/spring-boot-autoconfigure/1.5.7.RELEASE/spring-boot-autoconfigure-1.5.7.RELEASE.jar
Download https://repo1.maven.org/maven2/org/springframework/boot/spring-boot/1.5.7.RELEASE/spring-boot-1.5.7.RELEASE.jar
Download https://repo1.maven.org/maven2/org/springframework/boot/spring-boot-starter-logging/1.5.7.RELEASE/spring-boot-starter-logging-1.5.7.RELEASE.jar
Download https://repo1.maven.org/maven2/org/springframework/spring-context/4.3.11.RELEASE/spring-context-4.3.11.RELEASE.jar
Download https://repo1.maven.org/maven2/org/springframework/spring-aop/4.3.11.RELEASE/spring-aop-4.3.11.RELEASE.jar
Download https://repo1.maven.org/maven2/org/springframework/spring-orm/4.3.11.RELEASE/spring-orm-4.3.11.RELEASE.jar
Download https://repo1.maven.org/maven2/org/springframework/spring-jdbc/4.3.11.RELEASE/spring-jdbc-4.3.11.RELEASE.jar
Download https://repo1.maven.org/maven2/org/springframework/data/spring-data-commons/1.13.7.RELEASE/spring-data-commons-1.13.7.RELEASE.jar
Download https://repo1.maven.org/maven2/org/springframework/spring-tx/4.3.11.RELEASE/spring-tx-4.3.11.RELEASE.jar
Download https://repo1.maven.org/maven2/org/springframework/spring-beans/4.3.11.RELEASE/spring-beans-4.3.11.RELEASE.jar
Download https://repo1.maven.org/maven2/org/springframework/spring-expression/4.3.11.RELEASE/spring-expression-4.3.11.RELEASE.jar
Download https://repo1.maven.org/maven2/org/yaml/snakeyaml/1.17/snakeyaml-1.17.jar
Download https://repo1.maven.org/maven2/org/aspectj/aspectjweaver/1.8.10/aspectjweaver-1.8.10.jar
Download https://repo1.maven.org/maven2/org/apache/tomcat/tomcat-jdbc/8.5.20/tomcat-jdbc-8.5.20.jar
Download https://repo1.maven.org/maven2/org/hibernate/common/hibernate-commons-annotations/5.0.1.Final/hibernate-commons-annotations-5.0.1.Final.jar
Download https://repo1.maven.org/maven2/org/jboss/logging/jboss-logging/3.3.1.Final/jboss-logging-3.3.1.Final.jar
Download https://repo1.maven.org/maven2/org/hibernate/javax/persistence/hibernate-jpa-2.1-api/1.0.0.Final/hibernate-jpa-2.1-api-1.0.0.Final.jar
Download https://repo1.maven.org/maven2/org/javassist/javassist/3.21.0-GA/javassist-3.21.0-GA.jar
Download https://repo1.maven.org/maven2/antlr/antlr/2.7.7/antlr-2.7.7.jar
Download https://repo1.maven.org/maven2/org/jboss/jandex/2.0.0.Final/jandex-2.0.0.Final.jar
Download https://repo1.maven.org/maven2/dom4j/dom4j/1.6.1/dom4j-1.6.1.jar
Download https://repo1.maven.org/maven2/org/slf4j/jcl-over-slf4j/1.7.25/jcl-over-slf4j-1.7.25.jar
Download https://repo1.maven.org/maven2/ch/qos/logback/logback-classic/1.1.11/logback-classic-1.1.11.jar
Download https://repo1.maven.org/maven2/org/slf4j/jul-to-slf4j/1.7.25/jul-to-slf4j-1.7.25.jar
Download https://repo1.maven.org/maven2/org/slf4j/log4j-over-slf4j/1.7.25/log4j-over-slf4j-1.7.25.jar
Download https://repo1.maven.org/maven2/org/apache/tomcat/embed/tomcat-embed-websocket/8.5.20/tomcat-embed-websocket-8.5.20.jar
Download https://repo1.maven.org/maven2/org/slf4j/slf4j-api/1.7.25/slf4j-api-1.7.25.jar
Download https://repo1.maven.org/maven2/org/apache/tomcat/embed/tomcat-embed-core/8.5.20/tomcat-embed-core-8.5.20.jar
Download https://repo1.maven.org/maven2/org/apache/tomcat/embed/tomcat-embed-el/8.5.20/tomcat-embed-el-8.5.20.jar
Download https://repo1.maven.org/maven2/javax/validation/validation-api/1.1.0.Final/validation-api-1.1.0.Final.jar
Download https://repo1.maven.org/maven2/com/fasterxml/jackson/core/jackson-core/2.8.10/jackson-core-2.8.10.jar
Download https://repo1.maven.org/maven2/org/apache/tomcat/tomcat-juli/8.5.20/tomcat-juli-8.5.20.jar
Download https://repo1.maven.org/maven2/com/fasterxml/classmate/1.3.4/classmate-1.3.4.jar
Download https://repo1.maven.org/maven2/com/fasterxml/jackson/core/jackson-annotations/2.8.0/jackson-annotations-2.8.0.jar
Download https://repo1.maven.org/maven2/ch/qos/logback/logback-core/1.1.11/logback-core-1.1.11.jar
:clean UP-TO-DATE
:compileJava
:processResources
:classes
:findMainClass
:jar
:bootRepackage
Download https://repo1.maven.org/maven2/com/h2database/h2/1.4.196/h2-1.4.196.pom
Download https://repo1.maven.org/maven2/com/h2database/h2/1.4.196/h2-1.4.196.jar
:assemble
:compileTestJava NO-SOURCE
:processTestResources NO-SOURCE
:testClasses UP-TO-DATE
:test NO-SOURCE
:check UP-TO-DATE
:build

BUILD SUCCESSFUL in 25s
6 actionable tasks: 5 executed, 1 up-to-date
