--- Copying files at Sun Oct 22 12:15:34 UTC 2017
INSTALLED init.groovy.d/security.groovy
INSTALLED init.groovy.d/tcp-slave-agent-port.groovy
INSTALLED plugins/pipeline-build-step.jpi : 2.5.1
INSTALLED plugins/workflow-step-api.jpi : 2.13
INSTALLED plugins/durable-task.jpi : 1.15
INSTALLED plugins/pipeline-graph-analysis.jpi : 1.5
INSTALLED plugins/workflow-durable-task-step.jpi : 2.17
INSTALLED plugins/authentication-tokens.jpi : 1.3
INSTALLED plugins/script-security.jpi : 1.34
INSTALLED plugins/junit.jpi : 1.21
INSTALLED plugins/branch-api.jpi : 2.0.14
INSTALLED plugins/bouncycastle-api.jpi : 2.16.2
INSTALLED plugins/ace-editor.jpi : 1.1
INSTALLED plugins/pipeline-model-declarative-agent.jpi : 1.1.1
INSTALLED plugins/pipeline-input-step.jpi : 2.8
INSTALLED plugins/pipeline-stage-step.jpi : 2.2
INSTALLED plugins/workflow-multibranch.jpi : 2.16
INSTALLED plugins/jackson2-api.jpi : 2.8.7.0
INSTALLED plugins/workflow-basic-steps.jpi : 2.6
INSTALLED plugins/pipeline-model-extensions.jpi : 1.2.2
INSTALLED plugins/ssh-credentials.jpi : 1.13
INSTALLED plugins/workflow-api.jpi : 2.22
INSTALLED plugins/docker-slaves.jpi : 1.0.7
INSTALLED plugins/github.jpi : 1.28.0
INSTALLED plugins/pipeline-rest-api.jpi : 2.9
INSTALLED plugins/momentjs.jpi : 1.1.1
INSTALLED plugins/workflow-job.jpi : 2.15
INSTALLED plugins/matrix-project.jpi : 1.12
INSTALLED plugins/pipeline-stage-tags-metadata.jpi : 1.2.2
INSTALLED plugins/docker-commons.jpi : 1.9
INSTALLED plugins/scm-api.jpi : 2.2.3
INSTALLED plugins/credentials-binding.jpi : 1.13
INSTALLED plugins/workflow-cps.jpi : 2.41
INSTALLED plugins/git.jpi : 3.6.0
INSTALLED plugins/cloudbees-folder.jpi : 6.2.1
INSTALLED plugins/pipeline-stage-view.jpi : 2.9
INSTALLED plugins/workflow-scm-step.jpi : 2.6
INSTALLED plugins/ssh-slaves.jpi : 1.22
INSTALLED plugins/github-branch-source.jpi : 2.2.4
INSTALLED plugins/handlebars.jpi : 1.1.1
INSTALLED plugins/workflow-cps-global-lib.jpi : 2.9
INSTALLED plugins/pipeline-model-api.jpi : 1.2.2
INSTALLED plugins/pipeline-milestone-step.jpi : 1.3.1
INSTALLED plugins/plain-credentials.jpi : 1.4
INSTALLED plugins/pipeline-model-definition.jpi : 1.2.2
INSTALLED plugins/mailer.jpi : 1.20
INSTALLED plugins/jquery-detached.jpi : 1.2.1
INSTALLED plugins/workflow-support.jpi : 2.16
INSTALLED plugins/git-client.jpi : 2.5.0
INSTALLED plugins/workflow-aggregator.jpi : 2.5
INSTALLED plugins/credentials.jpi : 2.1.16
INSTALLED plugins/greenballs.jpi : 1.15
INSTALLED plugins/github-api.jpi : 1.89
INSTALLED plugins/display-url-api.jpi : 2.1.0
INSTALLED plugins/docker-workflow.jpi : 1.13
INSTALLED plugins/docker-plugin.jpi : 1.0.2
INSTALLED plugins/token-macro.jpi : 2.3
INSTALLED plugins/structs.jpi : 1.10
INSTALLED plugins/git-server.jpi : 1.7
INSTALLED plugins/docker-java-api.jpi : 3.0.14
--- Copying files at Sun Oct 22 12:36:11 UTC 2017
--- Copying files at Sun Oct 22 12:47:04 UTC 2017
--- Copying files at Mon Oct 23 19:19:29 UTC 2017
--- Copying files at Mon Oct 23 18:02:26 UTC 2017
--- Copying files at Mon Oct 23 18:06:54 UTC 2017
UPGRADED plugins/github.jpi : Image version (1.28.1) is newer than installed version (1.28.0)
UPGRADED plugins/git.jpi : Image version (3.6.1) is newer than installed version (3.6.0)
--- Copying files at Wed Oct 25 17:07:44 UTC 2017
--- Copying files at Sat Oct 28 13:47:08 UTC 2017
--- Copying files at Sat Oct 28 17:41:22 UTC 2017
UPGRADED plugins/branch-api.jpi : Image version (2.0.15) is newer than installed version (2.0.14)
UPGRADED plugins/workflow-api.jpi : Image version (2.23.1) is newer than installed version (2.22)
INSTALLED plugins/apache-httpcomponents-client-4-api.jpi : 4.5.3-2.0
UPGRADED plugins/git.jpi : Image version (3.6.3) is newer than installed version (3.6.1)
INSTALLED plugins/jsch.jpi : 0.1.54.1
UPGRADED plugins/git-client.jpi : Image version (2.6.0) is newer than installed version (2.5.0)
UPGRADED plugins/docker-plugin.jpi : Image version (1.0.4) is newer than installed version (1.0.2)
--- Copying files at Sat Oct 28 18:15:08 UTC 2017
--- Copying files at Sat Oct 28 18:25:13 UTC 2017
--- Copying files at Sat Oct 28 18:31:21 UTC 2017
--- Copying files at Sat Oct 28 18:44:00 UTC 2017
--- Copying files at Sat Oct 28 19:59:35 UTC 2017
