Started by user [8mha:////4L8G0Vb/D8rkfp86MIp4qS29WzZwuytABT+nA68trUQEAAAAlx+LCAAAAAAAAP9b85aBtbiIQTGjNKU4P08vOT+vOD8nVc83PyU1x6OyILUoJzMv2y+/JJUBAhiZGBgqihhk0NSjKDWzXb3RdlLBUSYGJk8GtpzUvPSSDB8G5tKinBIGIZ+sxLJE/ZzEvHT94JKizLx0a6BxUmjGOUNodHsLgAzWEgZu/dLi1CL9xJTczDwAj6GcLcAAAAA=[0madmin
[Sun Oct 22 12:20:25 UTC 2017] Starting branch indexing...
 > git rev-parse --is-inside-work-tree # timeout=10
Setting origin to https://github.com/Opdracht3/rps.git
 > git config remote.origin.url https://github.com/Opdracht3/rps.git # timeout=10
Fetching origin...
Fetching upstream changes from origin
 > git --version # timeout=10
 > git fetch --tags --progress origin +refs/heads/*:refs/remotes/origin/*
 > git ls-remote --symref https://github.com/Opdracht3/rps.git # timeout=10
 > git rev-parse --is-inside-work-tree # timeout=10
Setting origin to https://github.com/Opdracht3/rps.git
 > git config remote.origin.url https://github.com/Opdracht3/rps.git # timeout=10
Fetching & pruning origin...
Fetching upstream changes from origin
 > git --version # timeout=10
 > git fetch --tags --progress origin +refs/heads/*:refs/remotes/origin/* --prune
Listing remote references...
 > git config --get remote.origin.url # timeout=10
 > git ls-remote -h https://github.com/Opdracht3/rps.git # timeout=10
Checking branches...
  Checking branch master
      ‘Jenkinsfile’ found
    Met criteria
Scheduled build for branch: master
Processed 1 branches
[Sun Oct 22 12:20:28 UTC 2017] Finished branch indexing. Indexing took 3.1 sec
Finished: SUCCESS
