Started
[Sat Oct 28 13:55:09 UTC 2017] Starting branch indexing...
 > git --version # timeout=10
 > git ls-remote --symref https://github.com/Opdracht3/rps-frontend.git # timeout=10
Creating git repository in /var/jenkins_home/caches/git-4842911ebcfae7142d7bb9df5b283fb6
 > git init /var/jenkins_home/caches/git-4842911ebcfae7142d7bb9df5b283fb6 # timeout=10
Setting origin to https://github.com/Opdracht3/rps-frontend.git
 > git config remote.origin.url https://github.com/Opdracht3/rps-frontend.git # timeout=10
Fetching & pruning origin...
Fetching upstream changes from origin
 > git --version # timeout=10
 > git fetch --tags --progress origin +refs/heads/*:refs/remotes/origin/* --prune
Listing remote references...
 > git config --get remote.origin.url # timeout=10
 > git ls-remote -h https://github.com/Opdracht3/rps-frontend.git # timeout=10
Checking branches...
  Checking branch master
      ‘Jenkinsfile’ found
    Met criteria
No changes detected: master (still at 748125fca61c62b41ffa6d467d372cedf46b37c0)
Processed 1 branches
[Sat Oct 28 13:55:12 UTC 2017] Finished branch indexing. Indexing took 3 sec
Finished: SUCCESS
