[rps-backend_master-2CQFYV2JUDAYL3STJXQ73TMCXPN3USY2A4FQLFTYGJXHYYBAN2YQ] Running shell script
+ sudo docker build . --tag husamay/rps-backend:0.1.8
Sending build context to Docker daemon  30.08MB
Step 1/6 : FROM openjdk:8-jdk-slim
8-jdk-slim: Pulling from library/openjdk
bc95e04b23c0: Already exists
9244331a890e: Already exists
4f111692a587: Already exists
838df694d9c3: Already exists
a2e28e4f90e0: Already exists
cc233c0a95c1: Already exists
Digest: sha256:bacc57a7c7e8c660f39d43cfbf6b1c12cb1c5c51f14af55c00709556c6ef37a6
Status: Downloaded newer image for openjdk:8-jdk-slim
 ---> 4c6a18e83c0d
Step 2/6 : EXPOSE 8080
 ---> Running in 926d942d223c
 ---> 7d72cae5d2b9
Removing intermediate container 926d942d223c
Step 3/6 : VOLUME /tmp
 ---> Running in 3a58f75e9b43
 ---> 6b062fc259ce
Removing intermediate container 3a58f75e9b43
Step 4/6 : ADD /bin/libs/spring-rps-service-1.0.jar spring-rps-service-1.0.jar
 ---> 9b837c08ed26
Step 5/6 : RUN sh -c 'touch /spring-rps-service-1.0.jar'
 ---> Running in d89c0b226a6e
 ---> 381d64ac810e
Removing intermediate container d89c0b226a6e
Step 6/6 : ENTRYPOINT java -jar /spring-rps-service-1.0.jar
 ---> Running in bab3f8d24781
 ---> eb020fddc4fe
Removing intermediate container bab3f8d24781
Successfully built eb020fddc4fe
Successfully tagged husamay/rps-backend:0.1.8
