18:42:02.725 [DEBUG] [org.gradle.launcher.daemon.bootstrap.DaemonMain] Assuming the daemon was started with following jvm opts: [-XX:+HeapDumpOnOutOfMemoryError, -Xmx1024m, -Dfile.encoding=UTF-8, -Duser.country, -Duser.language=en, -Duser.variant]
18:42:02.772 [INFO] [org.gradle.launcher.daemon.server.health.gc.GarbageCollectionMonitor] Unable to determine a garbage collection monitoring strategy for JVMStrategy{Oracle Corporation version 1.8.0_141}
18:42:02.809 [INFO] [org.gradle.launcher.daemon.server.Daemon] start() called on daemon - DefaultDaemonContext[uid=501c45b2-2abc-4205-9ae9-637bc6cfaeb1,javaHome=/usr/lib/jvm/java-8-openjdk-amd64,daemonRegistryDir=/var/jenkins_home/.gradle/daemon,pid=3638,idleTimeout=10800000,daemonOpts=-XX:+HeapDumpOnOutOfMemoryError,-Xmx1024m,-Dfile.encoding=UTF-8,-Duser.country,-Duser.language=en,-Duser.variant]
18:42:02.826 [DEBUG] [org.gradle.internal.remote.internal.inet.InetAddresses] Adding IP addresses for network interface eth0
18:42:02.827 [DEBUG] [org.gradle.internal.remote.internal.inet.InetAddresses] Is this a loopback interface? false
18:42:02.827 [DEBUG] [org.gradle.internal.remote.internal.inet.InetAddresses] Is this a multicast interface? true
18:42:02.827 [DEBUG] [org.gradle.internal.remote.internal.inet.InetAddresses] Adding remote address /172.17.0.2
18:42:02.828 [DEBUG] [org.gradle.internal.remote.internal.inet.InetAddresses] Adding remote multicast interface eth0
18:42:02.829 [DEBUG] [org.gradle.internal.remote.internal.inet.InetAddresses] Adding IP addresses for network interface lo
18:42:02.829 [DEBUG] [org.gradle.internal.remote.internal.inet.InetAddresses] Is this a loopback interface? true
18:42:02.829 [DEBUG] [org.gradle.internal.remote.internal.inet.InetAddresses] Is this a multicast interface? false
18:42:02.830 [DEBUG] [org.gradle.internal.remote.internal.inet.InetAddresses] Adding loopback address /127.0.0.1
18:42:02.832 [DEBUG] [org.gradle.internal.remote.internal.inet.TcpIncomingConnector] Listening on [a4c7c2a8-d7b4-43f9-92c2-d362d067208f port:43105, addresses:[/127.0.0.1]].
18:42:02.837 [DEBUG] [org.gradle.launcher.daemon.server.Daemon] Daemon starting at: Mon Oct 23 18:42:02 UTC 2017, with address: [a4c7c2a8-d7b4-43f9-92c2-d362d067208f port:43105, addresses:[/127.0.0.1]]
18:42:02.837 [INFO] [org.gradle.launcher.daemon.server.DaemonRegistryUpdater] Advertising the daemon address to the clients: [a4c7c2a8-d7b4-43f9-92c2-d362d067208f port:43105, addresses:[/127.0.0.1]]
18:42:02.838 [DEBUG] [org.gradle.launcher.daemon.server.DaemonRegistryUpdater] Advertised daemon context: DefaultDaemonContext[uid=501c45b2-2abc-4205-9ae9-637bc6cfaeb1,javaHome=/usr/lib/jvm/java-8-openjdk-amd64,daemonRegistryDir=/var/jenkins_home/.gradle/daemon,pid=3638,idleTimeout=10800000,daemonOpts=-XX:+HeapDumpOnOutOfMemoryError,-Xmx1024m,-Dfile.encoding=UTF-8,-Duser.country,-Duser.language=en,-Duser.variant]
18:42:02.839 [DEBUG] [org.gradle.launcher.daemon.registry.PersistentDaemonRegistry] Storing daemon address: [a4c7c2a8-d7b4-43f9-92c2-d362d067208f port:43105, addresses:[/127.0.0.1]], context: DefaultDaemonContext[uid=501c45b2-2abc-4205-9ae9-637bc6cfaeb1,javaHome=/usr/lib/jvm/java-8-openjdk-amd64,daemonRegistryDir=/var/jenkins_home/.gradle/daemon,pid=3638,idleTimeout=10800000,daemonOpts=-XX:+HeapDumpOnOutOfMemoryError,-Xmx1024m,-Dfile.encoding=UTF-8,-Duser.country,-Duser.language=en,-Duser.variant]
18:42:02.846 [DEBUG] [org.gradle.cache.internal.DefaultFileLockManager] Waiting to acquire exclusive lock on daemon addresses registry.
18:42:02.848 [DEBUG] [org.gradle.cache.internal.DefaultFileLockManager] Lock acquired on daemon addresses registry.
18:42:02.852 [DEBUG] [org.gradle.cache.internal.DefaultFileLockManager] Releasing lock on daemon addresses registry.
18:42:02.853 [LIFECYCLE] [org.gradle.launcher.daemon.server.Daemon] Daemon server started.
18:42:02.854 [DEBUG] [org.gradle.launcher.daemon.bootstrap.DaemonStartupCommunication] Completed writing the daemon greeting. Closing streams...
18:42:02.858 [DEBUG] [org.gradle.launcher.daemon.server.Daemon] stopOnExpiration() called on daemon
18:42:02.859 [DEBUG] [org.gradle.launcher.daemon.server.Daemon] awaitExpiration() called on daemon
18:42:02.859 [DEBUG] [org.gradle.launcher.daemon.server.DaemonStateCoordinator] daemon is running. Sleeping until state changes.
18:42:02.861 [DEBUG] [org.gradle.internal.remote.internal.inet.TcpIncomingConnector] Accepted connection from /127.0.0.1:44134 to /127.0.0.1:43105.
18:42:02.929 [DEBUG] [org.gradle.launcher.daemon.server.SynchronizedDispatchConnection] thread 15: received class org.gradle.launcher.daemon.protocol.Build
18:42:02.929 [DEBUG] [org.gradle.launcher.daemon.server.DefaultDaemonConnection] thread 15: Received non-IO message from client: Build{id=5b064220-8993-42c6-9a7e-74293cbb37b7.1, currentDir=/var/jenkins_home/workspace/rps-backend_master-2CQFYV2JUDAYL3STJXQ73TMCXPN3USY2A4FQLFTYGJXHYYBAN2YQ}
18:42:02.930 [INFO] [org.gradle.launcher.daemon.server.DefaultIncomingConnectionHandler] Received command: Build{id=5b064220-8993-42c6-9a7e-74293cbb37b7.1, currentDir=/var/jenkins_home/workspace/rps-backend_master-2CQFYV2JUDAYL3STJXQ73TMCXPN3USY2A4FQLFTYGJXHYYBAN2YQ}.
18:42:02.930 [DEBUG] [org.gradle.launcher.daemon.server.DefaultIncomingConnectionHandler] Starting executing command: Build{id=5b064220-8993-42c6-9a7e-74293cbb37b7.1, currentDir=/var/jenkins_home/workspace/rps-backend_master-2CQFYV2JUDAYL3STJXQ73TMCXPN3USY2A4FQLFTYGJXHYYBAN2YQ} with connection: socket connection from /127.0.0.1:43105 to /127.0.0.1:44134.
18:42:02.932 [ERROR] [org.gradle.launcher.daemon.server.DaemonStateCoordinator] Command execution: started DaemonCommandExecution[command = Build{id=5b064220-8993-42c6-9a7e-74293cbb37b7.1, currentDir=/var/jenkins_home/workspace/rps-backend_master-2CQFYV2JUDAYL3STJXQ73TMCXPN3USY2A4FQLFTYGJXHYYBAN2YQ}, connection = DefaultDaemonConnection: socket connection from /127.0.0.1:43105 to /127.0.0.1:44134] after 0.0 minutes of idle
18:42:02.932 [INFO] [org.gradle.launcher.daemon.server.DaemonRegistryUpdater] Marking the daemon as busy, address: [a4c7c2a8-d7b4-43f9-92c2-d362d067208f port:43105, addresses:[/127.0.0.1]]
18:42:02.932 [DEBUG] [org.gradle.launcher.daemon.registry.PersistentDaemonRegistry] Marking busy by address: [a4c7c2a8-d7b4-43f9-92c2-d362d067208f port:43105, addresses:[/127.0.0.1]]
18:42:02.933 [DEBUG] [org.gradle.cache.internal.DefaultFileLockManager] Waiting to acquire exclusive lock on daemon addresses registry.
18:42:02.933 [DEBUG] [org.gradle.cache.internal.DefaultFileLockManager] Lock acquired on daemon addresses registry.
18:42:02.934 [DEBUG] [org.gradle.cache.internal.DefaultFileLockManager] Releasing lock on daemon addresses registry.
18:42:02.935 [DEBUG] [org.gradle.launcher.daemon.server.DaemonStateCoordinator] resetting idle timer
18:42:02.935 [DEBUG] [org.gradle.launcher.daemon.server.DaemonStateCoordinator] daemon is running. Sleeping until state changes.
18:42:02.936 [INFO] [org.gradle.launcher.daemon.server.exec.StartBuildOrRespondWithBusy] Daemon is about to start building Build{id=5b064220-8993-42c6-9a7e-74293cbb37b7.1, currentDir=/var/jenkins_home/workspace/rps-backend_master-2CQFYV2JUDAYL3STJXQ73TMCXPN3USY2A4FQLFTYGJXHYYBAN2YQ}. Dispatching build started information...
18:42:02.936 [DEBUG] [org.gradle.launcher.daemon.server.SynchronizedDispatchConnection] thread 17: dispatching class org.gradle.launcher.daemon.protocol.BuildStarted
18:42:02.939 [DEBUG] [org.gradle.launcher.daemon.server.exec.EstablishBuildEnvironment] Configuring env variables: {PATH=/usr/local/sbin:/usr/local/bin:/usr/sbin:/usr/bin:/sbin:/bin, GIT_PREVIOUS_COMMIT=cd486970e2137bfc3454475c8463ca9c3bb8c8ea, COPY_REFERENCE_FILE_LOG=/var/jenkins_home/copy_reference_file.log, RUN_DISPLAY_URL=http://unconfigured-jenkins-location/job/rps-backend/job/master/16/display/redirect, HUDSON_HOME=/var/jenkins_home, RUN_CHANGES_DISPLAY_URL=http://unconfigured-jenkins-location/job/rps-backend/job/master/16/display/redirect?page=changes, JAVA_HOME=/docker-java-home, HUDSON_COOKIE=3124d958-7639-4705-83a2-5e05de5dba34, JAVA_OPTS=-Djenkins.install.runSetupWizard=false, CA_CERTIFICATES_JAVA_VERSION=20170531+nmu1, BUILD_ID=16, JENKINS_VERSION=2.85, JENKINS_NODE_COOKIE=2aaaf005-7e3f-4c72-a808-0a890bd2d3f9, LANG=C.UTF-8, JOB_NAME=rps-backend/master, NODE_LABELS=master, JENKINS_SERVER_COOKIE=durable-3f270521b9cdd601bbc5e73d48e9f467, WORKSPACE=/var/jenkins_home/workspace/rps-backend_master-2CQFYV2JUDAYL3STJXQ73TMCXPN3USY2A4FQLFTYGJXHYYBAN2YQ, JENKINS_SLAVE_AGENT_PORT=50000, TINI_VERSION=0.14.0, PWD=/var/jenkins_home/workspace/rps-backend_master-2CQFYV2JUDAYL3STJXQ73TMCXPN3USY2A4FQLFTYGJXHYYBAN2YQ, JAVA_VERSION=8u141, GIT_COMMIT=cd486970e2137bfc3454475c8463ca9c3bb8c8ea, BUILD_TAG=jenkins-rps-backend-master-16, EXECUTOR_NUMBER=1, HUDSON_SERVER_COOKIE=300abe06ea7a228d, JENKINS_UC=https://updates.jenkins.io, TINI_SHA=6c41ec7d33e857d4779f14d9c74924cab0c7973485d2972419a3b7c7620ff5fd, JOB_BASE_NAME=master, OLDPWD=/var/jenkins_home/workspace/rps-backend_master-2CQFYV2JUDAYL3STJXQ73TMCXPN3USY2A4FQLFTYGJXHYYBAN2YQ, JENKINS_HOME=/var/jenkins_home, BUILD_NUMBER=16, NODE_NAME=master, BUILD_DISPLAY_NAME=#16, HOSTNAME=01cdd8fe7f60, JAVA_DEBIAN_VERSION=8u141-b15-1~deb9u1, JOB_DISPLAY_URL=http://unconfigured-jenkins-location/job/rps-backend/job/master/display/redirect, GIT_BRANCH=master, GIT_URL=https://github.com/Opdracht3/rps.git, JENKINS_UC_EXPERIMENTAL=https://updates.jenkins.io/experimental, BRANCH_NAME=master, HOME=/var/jenkins_home, SHLVL=0}
18:42:02.945 [DEBUG] [org.gradle.launcher.daemon.server.exec.LogToClient] About to start relaying all logs to the client via the connection.
18:42:02.945 [INFO] [org.gradle.launcher.daemon.server.exec.LogToClient] The client will now receive all logging from the daemon (pid: 3638). The daemon log file: /var/jenkins_home/.gradle/daemon/4.1/daemon-3638.out.log
18:42:02.945 [DEBUG] [org.gradle.launcher.daemon.server.SynchronizedDispatchConnection] thread 15: received class org.gradle.launcher.daemon.protocol.CloseInput
18:42:02.945 [DEBUG] [org.gradle.launcher.daemon.server.DefaultDaemonConnection] thread 15: Received IO message from client: org.gradle.launcher.daemon.protocol.CloseInput@1dfd5184
18:42:02.946 [INFO] [org.gradle.launcher.daemon.server.exec.LogAndCheckHealth] Starting build in new daemon [memory: 954.7 MB]
18:42:02.947 [INFO] [org.gradle.launcher.daemon.server.exec.ForwardClientInput] Closing daemon's stdin at end of input.
18:42:02.947 [INFO] [org.gradle.launcher.daemon.server.exec.ForwardClientInput] The daemon will no longer process any standard input.
18:42:02.949 [DEBUG] [org.gradle.launcher.daemon.server.exec.ExecuteBuild] The daemon has started executing the build.
18:42:02.949 [DEBUG] [org.gradle.launcher.daemon.server.exec.ExecuteBuild] Executing build with daemon context: DefaultDaemonContext[uid=501c45b2-2abc-4205-9ae9-637bc6cfaeb1,javaHome=/usr/lib/jvm/java-8-openjdk-amd64,daemonRegistryDir=/var/jenkins_home/.gradle/daemon,pid=3638,idleTimeout=10800000,daemonOpts=-XX:+HeapDumpOnOutOfMemoryError,-Xmx1024m,-Dfile.encoding=UTF-8,-Duser.country,-Duser.language=en,-Duser.variant]
:clean
:compileJava
:processResources
:classes
:findMainClass
:jar
:bootRepackage
:assemble
:compileTestJava NO-SOURCE
:processTestResources NO-SOURCE
:testClasses UP-TO-DATE
:test NO-SOURCE
:check UP-TO-DATE
:build

BUILD SUCCESSFUL in 4s
6 actionable tasks: 6 executed
18:42:06.776 [DEBUG] [org.gradle.launcher.daemon.server.exec.ExecuteBuild] The daemon has finished executing the build.
18:42:06.779 [DEBUG] [org.gradle.launcher.daemon.server.DaemonStateCoordinator] daemon is running. Sleeping until state changes.
18:42:06.788 [DEBUG] [org.gradle.launcher.daemon.server.DaemonStateCoordinator] Command execution: finished waiting for DaemonCommandExecution[command = Build{id=5b064220-8993-42c6-9a7e-74293cbb37b7.1, currentDir=/var/jenkins_home/workspace/rps-backend_master-2CQFYV2JUDAYL3STJXQ73TMCXPN3USY2A4FQLFTYGJXHYYBAN2YQ}, connection = DefaultDaemonConnection: socket connection from /127.0.0.1:43105 to /127.0.0.1:44134]. Result org.gradle.launcher.daemon.server.DaemonStateCoordinator@411b4cf5 with state Busy
18:42:06.788 [DEBUG] [org.gradle.launcher.daemon.server.DaemonStateCoordinator] Command execution: completed DaemonCommandExecution[command = Build{id=5b064220-8993-42c6-9a7e-74293cbb37b7.1, currentDir=/var/jenkins_home/workspace/rps-backend_master-2CQFYV2JUDAYL3STJXQ73TMCXPN3USY2A4FQLFTYGJXHYYBAN2YQ}, connection = DefaultDaemonConnection: socket connection from /127.0.0.1:43105 to /127.0.0.1:44134]
18:42:06.789 [DEBUG] [org.gradle.launcher.daemon.server.DaemonStateCoordinator] resetting idle timer
18:42:06.789 [INFO] [org.gradle.launcher.daemon.server.DaemonRegistryUpdater] Marking the daemon as idle, address: [a4c7c2a8-d7b4-43f9-92c2-d362d067208f port:43105, addresses:[/127.0.0.1]]
18:42:06.789 [DEBUG] [org.gradle.launcher.daemon.registry.PersistentDaemonRegistry] Marking busy by address: [a4c7c2a8-d7b4-43f9-92c2-d362d067208f port:43105, addresses:[/127.0.0.1]]
18:42:06.789 [DEBUG] [org.gradle.cache.internal.DefaultFileLockManager] Waiting to acquire exclusive lock on daemon addresses registry.
18:42:06.789 [DEBUG] [org.gradle.cache.internal.DefaultFileLockManager] Lock acquired on daemon addresses registry.
18:42:06.790 [DEBUG] [org.gradle.cache.internal.DefaultFileLockManager] Releasing lock on daemon addresses registry.
18:42:06.790 [DEBUG] [org.gradle.launcher.daemon.server.DaemonStateCoordinator] daemon is running. Sleeping until state changes.
18:42:06.790 [DEBUG] [org.gradle.launcher.daemon.server.exec.ReturnResult] Daemon is dispatching the build result: Success[value=null]
18:42:06.790 [DEBUG] [org.gradle.launcher.daemon.server.SynchronizedDispatchConnection] thread 14: dispatching class org.gradle.launcher.daemon.protocol.Success
18:42:06.791 [DEBUG] [org.gradle.launcher.daemon.server.DefaultIncomingConnectionHandler] Finishing executing command: Build{id=5b064220-8993-42c6-9a7e-74293cbb37b7.1, currentDir=/var/jenkins_home/workspace/rps-backend_master-2CQFYV2JUDAYL3STJXQ73TMCXPN3USY2A4FQLFTYGJXHYYBAN2YQ}
18:42:06.794 [DEBUG] [org.gradle.launcher.daemon.server.SynchronizedDispatchConnection] thread 15: received class org.gradle.launcher.daemon.protocol.Finished
18:42:06.794 [DEBUG] [org.gradle.launcher.daemon.server.DefaultDaemonConnection] thread 15: Received non-IO message from client: org.gradle.launcher.daemon.protocol.Finished@2150e570
18:42:06.795 [DEBUG] [org.gradle.launcher.daemon.server.DefaultIncomingConnectionHandler] Received finished message: org.gradle.launcher.daemon.protocol.Finished@2150e570
18:42:06.795 [DEBUG] [org.gradle.launcher.daemon.server.SynchronizedDispatchConnection] thread 14: stopping connection
18:42:06.795 [DEBUG] [org.gradle.internal.remote.internal.inet.SocketConnection] Discarding EOFException: java.io.EOFException
18:42:06.795 [DEBUG] [org.gradle.launcher.daemon.server.SynchronizedDispatchConnection] thread 15: received null
18:42:06.795 [DEBUG] [org.gradle.launcher.daemon.server.DefaultDaemonConnection] thread 15: Received end-of-input from client.
18:42:06.795 [DEBUG] [org.gradle.launcher.daemon.server.SynchronizedDispatchConnection] thread 14: stopping connection
18:42:07.635 [DEBUG] [org.gradle.internal.remote.internal.inet.TcpIncomingConnector] Accepted connection from /127.0.0.1:44136 to /127.0.0.1:43105.
18:42:07.680 [DEBUG] [org.gradle.launcher.daemon.server.SynchronizedDispatchConnection] thread 42: received class org.gradle.launcher.daemon.protocol.Build
18:42:07.681 [DEBUG] [org.gradle.launcher.daemon.server.DefaultDaemonConnection] thread 42: Received non-IO message from client: Build{id=ca4a988f-44ec-45c8-b445-abcc3bb9c5f8.1, currentDir=/var/jenkins_home/workspace/rps-backend_master-2CQFYV2JUDAYL3STJXQ73TMCXPN3USY2A4FQLFTYGJXHYYBAN2YQ}
18:42:07.681 [INFO] [org.gradle.launcher.daemon.server.DefaultIncomingConnectionHandler] Received command: Build{id=ca4a988f-44ec-45c8-b445-abcc3bb9c5f8.1, currentDir=/var/jenkins_home/workspace/rps-backend_master-2CQFYV2JUDAYL3STJXQ73TMCXPN3USY2A4FQLFTYGJXHYYBAN2YQ}.
18:42:07.681 [DEBUG] [org.gradle.launcher.daemon.server.DefaultIncomingConnectionHandler] Starting executing command: Build{id=ca4a988f-44ec-45c8-b445-abcc3bb9c5f8.1, currentDir=/var/jenkins_home/workspace/rps-backend_master-2CQFYV2JUDAYL3STJXQ73TMCXPN3USY2A4FQLFTYGJXHYYBAN2YQ} with connection: socket connection from /127.0.0.1:43105 to /127.0.0.1:44136.
18:42:07.681 [ERROR] [org.gradle.launcher.daemon.server.DaemonStateCoordinator] Command execution: started DaemonCommandExecution[command = Build{id=ca4a988f-44ec-45c8-b445-abcc3bb9c5f8.1, currentDir=/var/jenkins_home/workspace/rps-backend_master-2CQFYV2JUDAYL3STJXQ73TMCXPN3USY2A4FQLFTYGJXHYYBAN2YQ}, connection = DefaultDaemonConnection: socket connection from /127.0.0.1:43105 to /127.0.0.1:44136] after 0.0 minutes of idle
18:42:07.681 [INFO] [org.gradle.launcher.daemon.server.DaemonRegistryUpdater] Marking the daemon as busy, address: [a4c7c2a8-d7b4-43f9-92c2-d362d067208f port:43105, addresses:[/127.0.0.1]]
18:42:07.681 [DEBUG] [org.gradle.launcher.daemon.registry.PersistentDaemonRegistry] Marking busy by address: [a4c7c2a8-d7b4-43f9-92c2-d362d067208f port:43105, addresses:[/127.0.0.1]]
18:42:07.682 [DEBUG] [org.gradle.cache.internal.DefaultFileLockManager] Waiting to acquire exclusive lock on daemon addresses registry.
18:42:07.682 [DEBUG] [org.gradle.cache.internal.DefaultFileLockManager] Lock acquired on daemon addresses registry.
18:42:07.682 [DEBUG] [org.gradle.cache.internal.DefaultFileLockManager] Releasing lock on daemon addresses registry.
18:42:07.682 [DEBUG] [org.gradle.launcher.daemon.server.DaemonStateCoordinator] resetting idle timer
18:42:07.682 [DEBUG] [org.gradle.launcher.daemon.server.DaemonStateCoordinator] daemon is running. Sleeping until state changes.
18:42:07.682 [INFO] [org.gradle.launcher.daemon.server.exec.StartBuildOrRespondWithBusy] Daemon is about to start building Build{id=ca4a988f-44ec-45c8-b445-abcc3bb9c5f8.1, currentDir=/var/jenkins_home/workspace/rps-backend_master-2CQFYV2JUDAYL3STJXQ73TMCXPN3USY2A4FQLFTYGJXHYYBAN2YQ}. Dispatching build started information...
18:42:07.683 [DEBUG] [org.gradle.launcher.daemon.server.SynchronizedDispatchConnection] thread 17: dispatching class org.gradle.launcher.daemon.protocol.BuildStarted
18:42:07.683 [DEBUG] [org.gradle.launcher.daemon.server.exec.EstablishBuildEnvironment] Configuring env variables: {PATH=/usr/local/sbin:/usr/local/bin:/usr/sbin:/usr/bin:/sbin:/bin, GIT_PREVIOUS_COMMIT=cd486970e2137bfc3454475c8463ca9c3bb8c8ea, COPY_REFERENCE_FILE_LOG=/var/jenkins_home/copy_reference_file.log, RUN_DISPLAY_URL=http://unconfigured-jenkins-location/job/rps-backend/job/master/16/display/redirect, HUDSON_HOME=/var/jenkins_home, RUN_CHANGES_DISPLAY_URL=http://unconfigured-jenkins-location/job/rps-backend/job/master/16/display/redirect?page=changes, JAVA_HOME=/docker-java-home, HUDSON_COOKIE=9f5c7d31-4748-4b6f-b1b6-66485a731153, JAVA_OPTS=-Djenkins.install.runSetupWizard=false, CA_CERTIFICATES_JAVA_VERSION=20170531+nmu1, BUILD_ID=16, JENKINS_VERSION=2.85, JENKINS_NODE_COOKIE=2aaaf005-7e3f-4c72-a808-0a890bd2d3f9, LANG=C.UTF-8, JOB_NAME=rps-backend/master, NODE_LABELS=master, JENKINS_SERVER_COOKIE=durable-3f270521b9cdd601bbc5e73d48e9f467, WORKSPACE=/var/jenkins_home/workspace/rps-backend_master-2CQFYV2JUDAYL3STJXQ73TMCXPN3USY2A4FQLFTYGJXHYYBAN2YQ, JENKINS_SLAVE_AGENT_PORT=50000, TINI_VERSION=0.14.0, PWD=/var/jenkins_home/workspace/rps-backend_master-2CQFYV2JUDAYL3STJXQ73TMCXPN3USY2A4FQLFTYGJXHYYBAN2YQ, JAVA_VERSION=8u141, GIT_COMMIT=cd486970e2137bfc3454475c8463ca9c3bb8c8ea, BUILD_TAG=jenkins-rps-backend-master-16, EXECUTOR_NUMBER=1, HUDSON_SERVER_COOKIE=300abe06ea7a228d, JENKINS_UC=https://updates.jenkins.io, TINI_SHA=6c41ec7d33e857d4779f14d9c74924cab0c7973485d2972419a3b7c7620ff5fd, JOB_BASE_NAME=master, OLDPWD=/var/jenkins_home/workspace/rps-backend_master-2CQFYV2JUDAYL3STJXQ73TMCXPN3USY2A4FQLFTYGJXHYYBAN2YQ, JENKINS_HOME=/var/jenkins_home, BUILD_NUMBER=16, NODE_NAME=master, BUILD_DISPLAY_NAME=#16, HOSTNAME=01cdd8fe7f60, JAVA_DEBIAN_VERSION=8u141-b15-1~deb9u1, JOB_DISPLAY_URL=http://unconfigured-jenkins-location/job/rps-backend/job/master/display/redirect, GIT_BRANCH=master, GIT_URL=https://github.com/Opdracht3/rps.git, JENKINS_UC_EXPERIMENTAL=https://updates.jenkins.io/experimental, BRANCH_NAME=master, HOME=/var/jenkins_home, SHLVL=0}
18:42:07.685 [DEBUG] [org.gradle.launcher.daemon.server.exec.LogToClient] About to start relaying all logs to the client via the connection.
18:42:07.685 [INFO] [org.gradle.launcher.daemon.server.exec.LogToClient] The client will now receive all logging from the daemon (pid: 3638). The daemon log file: /var/jenkins_home/.gradle/daemon/4.1/daemon-3638.out.log
18:42:07.686 [INFO] [org.gradle.launcher.daemon.server.exec.LogAndCheckHealth] Starting 2nd build in daemon [uptime: 5.226 secs, performance: 97%]
18:42:07.687 [DEBUG] [org.gradle.launcher.daemon.server.exec.ExecuteBuild] The daemon has started executing the build.
18:42:07.687 [DEBUG] [org.gradle.launcher.daemon.server.exec.ExecuteBuild] Executing build with daemon context: DefaultDaemonContext[uid=501c45b2-2abc-4205-9ae9-637bc6cfaeb1,javaHome=/usr/lib/jvm/java-8-openjdk-amd64,daemonRegistryDir=/var/jenkins_home/.gradle/daemon,pid=3638,idleTimeout=10800000,daemonOpts=-XX:+HeapDumpOnOutOfMemoryError,-Xmx1024m,-Dfile.encoding=UTF-8,-Duser.country,-Duser.language=en,-Duser.variant]
:compileJava UP-TO-DATE
:processResources UP-TO-DATE
:classes UP-TO-DATE
:findMainClass
:jar
:bootRepackage

BUILD SUCCESSFUL in 1s
5 actionable tasks: 3 executed, 2 up-to-date
18:42:08.393 [DEBUG] [org.gradle.launcher.daemon.server.exec.ExecuteBuild] The daemon has finished executing the build.
18:42:08.400 [DEBUG] [org.gradle.launcher.daemon.server.DaemonStateCoordinator] Command execution: finished waiting for DaemonCommandExecution[command = Build{id=ca4a988f-44ec-45c8-b445-abcc3bb9c5f8.1, currentDir=/var/jenkins_home/workspace/rps-backend_master-2CQFYV2JUDAYL3STJXQ73TMCXPN3USY2A4FQLFTYGJXHYYBAN2YQ}, connection = DefaultDaemonConnection: socket connection from /127.0.0.1:43105 to /127.0.0.1:44136]. Result org.gradle.launcher.daemon.server.DaemonStateCoordinator@411b4cf5 with state Busy
18:42:08.400 [DEBUG] [org.gradle.launcher.daemon.server.DaemonStateCoordinator] Command execution: completed DaemonCommandExecution[command = Build{id=ca4a988f-44ec-45c8-b445-abcc3bb9c5f8.1, currentDir=/var/jenkins_home/workspace/rps-backend_master-2CQFYV2JUDAYL3STJXQ73TMCXPN3USY2A4FQLFTYGJXHYYBAN2YQ}, connection = DefaultDaemonConnection: socket connection from /127.0.0.1:43105 to /127.0.0.1:44136]
18:42:08.400 [DEBUG] [org.gradle.launcher.daemon.server.DaemonStateCoordinator] resetting idle timer
18:42:08.400 [INFO] [org.gradle.launcher.daemon.server.DaemonRegistryUpdater] Marking the daemon as idle, address: [a4c7c2a8-d7b4-43f9-92c2-d362d067208f port:43105, addresses:[/127.0.0.1]]
18:42:08.400 [DEBUG] [org.gradle.launcher.daemon.registry.PersistentDaemonRegistry] Marking busy by address: [a4c7c2a8-d7b4-43f9-92c2-d362d067208f port:43105, addresses:[/127.0.0.1]]
18:42:08.401 [DEBUG] [org.gradle.cache.internal.DefaultFileLockManager] Waiting to acquire exclusive lock on daemon addresses registry.
18:42:08.401 [DEBUG] [org.gradle.cache.internal.DefaultFileLockManager] Lock acquired on daemon addresses registry.
18:42:08.401 [DEBUG] [org.gradle.cache.internal.DefaultFileLockManager] Releasing lock on daemon addresses registry.
18:42:08.401 [DEBUG] [org.gradle.launcher.daemon.server.exec.ReturnResult] Daemon is dispatching the build result: Success[value=null]
18:42:08.401 [DEBUG] [org.gradle.launcher.daemon.server.DaemonStateCoordinator] daemon is running. Sleeping until state changes.
18:42:08.401 [DEBUG] [org.gradle.launcher.daemon.server.SynchronizedDispatchConnection] thread 14: dispatching class org.gradle.launcher.daemon.protocol.Success
18:42:08.402 [DEBUG] [org.gradle.launcher.daemon.server.DefaultIncomingConnectionHandler] Finishing executing command: Build{id=ca4a988f-44ec-45c8-b445-abcc3bb9c5f8.1, currentDir=/var/jenkins_home/workspace/rps-backend_master-2CQFYV2JUDAYL3STJXQ73TMCXPN3USY2A4FQLFTYGJXHYYBAN2YQ}
18:42:08.404 [DEBUG] [org.gradle.launcher.daemon.server.SynchronizedDispatchConnection] thread 42: received class org.gradle.launcher.daemon.protocol.Finished
18:42:08.404 [DEBUG] [org.gradle.launcher.daemon.server.DefaultDaemonConnection] thread 42: Received non-IO message from client: org.gradle.launcher.daemon.protocol.Finished@4c3841bf
18:42:08.404 [DEBUG] [org.gradle.launcher.daemon.server.DefaultIncomingConnectionHandler] Received finished message: org.gradle.launcher.daemon.protocol.Finished@4c3841bf
18:42:08.404 [DEBUG] [org.gradle.launcher.daemon.server.SynchronizedDispatchConnection] thread 14: stopping connection
18:42:08.405 [DEBUG] [org.gradle.internal.remote.internal.inet.SocketConnection] Discarding EOFException: java.io.EOFException
18:42:08.405 [DEBUG] [org.gradle.launcher.daemon.server.SynchronizedDispatchConnection] thread 42: received null
18:42:08.405 [DEBUG] [org.gradle.launcher.daemon.server.DefaultDaemonConnection] thread 42: Received end-of-input from client.
18:42:08.405 [DEBUG] [org.gradle.launcher.daemon.server.SynchronizedDispatchConnection] thread 14: stopping connection
18:42:09.353 [DEBUG] [org.gradle.process.internal.health.memory.MemoryManager] Emitting OS memory status event {Total: 16659640320, Free: 12402774016}
18:42:09.353 [DEBUG] [org.gradle.launcher.daemon.server.health.LowMemoryDaemonExpirationStrategy] Received memory status update: {Total: 16659640320, Free: 12402774016}
18:42:09.353 [DEBUG] [org.gradle.process.internal.health.memory.MemoryManager] Emitting JVM memory status event {Maximum: 954728448, Committed: 458752000}
18:42:12.859 [DEBUG] [org.gradle.launcher.daemon.server.Daemon] DaemonExpirationPeriodicCheck running
18:42:12.860 [DEBUG] [org.gradle.cache.internal.DefaultFileLockManager] Waiting to acquire shared lock on daemon addresses registry.
18:42:12.860 [DEBUG] [org.gradle.cache.internal.DefaultFileLockManager] Lock acquired on daemon addresses registry.
18:42:12.861 [DEBUG] [org.gradle.cache.internal.DefaultFileLockManager] Releasing lock on daemon addresses registry.
18:42:12.861 [DEBUG] [org.gradle.cache.internal.DefaultFileLockManager] Waiting to acquire shared lock on daemon addresses registry.
18:42:12.861 [DEBUG] [org.gradle.cache.internal.DefaultFileLockManager] Lock acquired on daemon addresses registry.
18:42:12.861 [DEBUG] [org.gradle.cache.internal.DefaultFileLockManager] Releasing lock on daemon addresses registry.
18:42:14.352 [DEBUG] [org.gradle.process.internal.health.memory.MemoryManager] Emitting OS memory status event {Total: 16659640320, Free: 12395712512}
18:42:14.352 [DEBUG] [org.gradle.launcher.daemon.server.health.LowMemoryDaemonExpirationStrategy] Received memory status update: {Total: 16659640320, Free: 12395712512}
18:42:14.352 [DEBUG] [org.gradle.process.internal.health.memory.MemoryManager] Emitting JVM memory status event {Maximum: 954728448, Committed: 458752000}
18:42:19.352 [DEBUG] [org.gradle.process.internal.health.memory.MemoryManager] Emitting OS memory status event {Total: 16659640320, Free: 12387606528}
18:42:19.352 [DEBUG] [org.gradle.launcher.daemon.server.health.LowMemoryDaemonExpirationStrategy] Received memory status update: {Total: 16659640320, Free: 12387606528}
18:42:19.352 [DEBUG] [org.gradle.process.internal.health.memory.MemoryManager] Emitting JVM memory status event {Maximum: 954728448, Committed: 458752000}
18:42:22.859 [DEBUG] [org.gradle.launcher.daemon.server.Daemon] DaemonExpirationPeriodicCheck running
18:42:22.859 [DEBUG] [org.gradle.cache.internal.DefaultFileLockManager] Waiting to acquire shared lock on daemon addresses registry.
18:42:22.859 [DEBUG] [org.gradle.cache.internal.DefaultFileLockManager] Lock acquired on daemon addresses registry.
18:42:22.860 [DEBUG] [org.gradle.cache.internal.DefaultFileLockManager] Releasing lock on daemon addresses registry.
18:42:22.860 [DEBUG] [org.gradle.cache.internal.DefaultFileLockManager] Waiting to acquire shared lock on daemon addresses registry.
18:42:22.860 [DEBUG] [org.gradle.cache.internal.DefaultFileLockManager] Lock acquired on daemon addresses registry.
18:42:22.861 [DEBUG] [org.gradle.cache.internal.DefaultFileLockManager] Releasing lock on daemon addresses registry.
18:42:22.861 [DEBUG] [org.gradle.cache.internal.DefaultFileLockManager] Waiting to acquire shared lock on daemon addresses registry.
18:42:22.861 [DEBUG] [org.gradle.cache.internal.DefaultFileLockManager] Lock acquired on daemon addresses registry.
18:42:22.861 [DEBUG] [org.gradle.cache.internal.DefaultFileLockManager] Releasing lock on daemon addresses registry.
18:42:24.352 [DEBUG] [org.gradle.process.internal.health.memory.MemoryManager] Emitting OS memory status event {Total: 16659640320, Free: 12388118528}
18:42:24.352 [DEBUG] [org.gradle.launcher.daemon.server.health.LowMemoryDaemonExpirationStrategy] Received memory status update: {Total: 16659640320, Free: 12388118528}
18:42:24.352 [DEBUG] [org.gradle.process.internal.health.memory.MemoryManager] Emitting JVM memory status event {Maximum: 954728448, Committed: 458752000}
18:42:29.352 [DEBUG] [org.gradle.process.internal.health.memory.MemoryManager] Emitting OS memory status event {Total: 16659640320, Free: 12387311616}
18:42:29.352 [DEBUG] [org.gradle.launcher.daemon.server.health.LowMemoryDaemonExpirationStrategy] Received memory status update: {Total: 16659640320, Free: 12387311616}
18:42:29.353 [DEBUG] [org.gradle.process.internal.health.memory.MemoryManager] Emitting JVM memory status event {Maximum: 954728448, Committed: 458752000}
18:42:32.859 [DEBUG] [org.gradle.launcher.daemon.server.Daemon] DaemonExpirationPeriodicCheck running
18:42:32.859 [DEBUG] [org.gradle.cache.internal.DefaultFileLockManager] Waiting to acquire shared lock on daemon addresses registry.
18:42:32.860 [DEBUG] [org.gradle.cache.internal.DefaultFileLockManager] Lock acquired on daemon addresses registry.
18:42:32.860 [DEBUG] [org.gradle.cache.internal.DefaultFileLockManager] Releasing lock on daemon addresses registry.
18:42:32.860 [DEBUG] [org.gradle.cache.internal.DefaultFileLockManager] Waiting to acquire shared lock on daemon addresses registry.
18:42:32.861 [DEBUG] [org.gradle.cache.internal.DefaultFileLockManager] Lock acquired on daemon addresses registry.
18:42:32.861 [DEBUG] [org.gradle.cache.internal.DefaultFileLockManager] Releasing lock on daemon addresses registry.
18:42:32.861 [DEBUG] [org.gradle.cache.internal.DefaultFileLockManager] Waiting to acquire shared lock on daemon addresses registry.
18:42:32.862 [DEBUG] [org.gradle.cache.internal.DefaultFileLockManager] Lock acquired on daemon addresses registry.
18:42:32.862 [DEBUG] [org.gradle.cache.internal.DefaultFileLockManager] Releasing lock on daemon addresses registry.
18:42:34.352 [DEBUG] [org.gradle.process.internal.health.memory.MemoryManager] Emitting OS memory status event {Total: 16659640320, Free: 12386304000}
18:42:34.352 [DEBUG] [org.gradle.launcher.daemon.server.health.LowMemoryDaemonExpirationStrategy] Received memory status update: {Total: 16659640320, Free: 12386304000}
18:42:34.352 [DEBUG] [org.gradle.process.internal.health.memory.MemoryManager] Emitting JVM memory status event {Maximum: 954728448, Committed: 458752000}
18:42:39.352 [DEBUG] [org.gradle.process.internal.health.memory.MemoryManager] Emitting OS memory status event {Total: 16659640320, Free: 12385845248}
18:42:39.353 [DEBUG] [org.gradle.launcher.daemon.server.health.LowMemoryDaemonExpirationStrategy] Received memory status update: {Total: 16659640320, Free: 12385845248}
18:42:39.353 [DEBUG] [org.gradle.process.internal.health.memory.MemoryManager] Emitting JVM memory status event {Maximum: 954728448, Committed: 458752000}
18:42:42.859 [DEBUG] [org.gradle.launcher.daemon.server.Daemon] DaemonExpirationPeriodicCheck running
18:42:42.859 [DEBUG] [org.gradle.cache.internal.DefaultFileLockManager] Waiting to acquire shared lock on daemon addresses registry.
18:42:42.860 [DEBUG] [org.gradle.cache.internal.DefaultFileLockManager] Lock acquired on daemon addresses registry.
18:42:42.860 [DEBUG] [org.gradle.cache.internal.DefaultFileLockManager] Releasing lock on daemon addresses registry.
18:42:42.860 [DEBUG] [org.gradle.cache.internal.DefaultFileLockManager] Waiting to acquire shared lock on daemon addresses registry.
18:42:42.861 [DEBUG] [org.gradle.cache.internal.DefaultFileLockManager] Lock acquired on daemon addresses registry.
18:42:42.861 [DEBUG] [org.gradle.cache.internal.DefaultFileLockManager] Releasing lock on daemon addresses registry.
18:42:42.861 [DEBUG] [org.gradle.cache.internal.DefaultFileLockManager] Waiting to acquire shared lock on daemon addresses registry.
18:42:42.861 [DEBUG] [org.gradle.cache.internal.DefaultFileLockManager] Lock acquired on daemon addresses registry.
18:42:42.862 [DEBUG] [org.gradle.cache.internal.DefaultFileLockManager] Releasing lock on daemon addresses registry.
18:42:44.352 [DEBUG] [org.gradle.process.internal.health.memory.MemoryManager] Emitting OS memory status event {Total: 16659640320, Free: 12365029376}
18:42:44.353 [DEBUG] [org.gradle.launcher.daemon.server.health.LowMemoryDaemonExpirationStrategy] Received memory status update: {Total: 16659640320, Free: 12365029376}
18:42:44.353 [DEBUG] [org.gradle.process.internal.health.memory.MemoryManager] Emitting JVM memory status event {Maximum: 954728448, Committed: 458752000}
Daemon vm is shutting down... The daemon has exited normally or was terminated in response to a user interrupt.
18:42:46.675 [DEBUG] [org.gradle.launcher.daemon.registry.PersistentDaemonRegistry] Removing daemon address: [a4c7c2a8-d7b4-43f9-92c2-d362d067208f port:43105, addresses:[/127.0.0.1]]
18:42:46.676 [DEBUG] [org.gradle.cache.internal.DefaultFileLockManager] Waiting to acquire exclusive lock on daemon addresses registry.
18:42:46.676 [DEBUG] [org.gradle.cache.internal.DefaultFileLockManager] Lock acquired on daemon addresses registry.
18:42:46.676 [DEBUG] [org.gradle.cache.internal.DefaultFileLockManager] Releasing lock on daemon addresses registry.
