12:20:48.733 [DEBUG] [org.gradle.launcher.daemon.bootstrap.DaemonMain] Assuming the daemon was started with following jvm opts: [-XX:+HeapDumpOnOutOfMemoryError, -Xmx1024m, -Dfile.encoding=UTF-8, -Duser.country, -Duser.language=en, -Duser.variant]
12:20:48.779 [INFO] [org.gradle.launcher.daemon.server.health.gc.GarbageCollectionMonitor] Unable to determine a garbage collection monitoring strategy for JVMStrategy{Oracle Corporation version 1.8.0_141}
12:20:48.811 [INFO] [org.gradle.launcher.daemon.server.Daemon] start() called on daemon - DefaultDaemonContext[uid=84e55de8-1e77-4fcb-a5c2-89666bed7d04,javaHome=/usr/lib/jvm/java-8-openjdk-amd64,daemonRegistryDir=/var/jenkins_home/.gradle/daemon,pid=1607,idleTimeout=10800000,daemonOpts=-XX:+HeapDumpOnOutOfMemoryError,-Xmx1024m,-Dfile.encoding=UTF-8,-Duser.country,-Duser.language=en,-Duser.variant]
12:20:48.825 [DEBUG] [org.gradle.internal.remote.internal.inet.InetAddresses] Adding IP addresses for network interface eth0
12:20:48.825 [DEBUG] [org.gradle.internal.remote.internal.inet.InetAddresses] Is this a loopback interface? false
12:20:48.825 [DEBUG] [org.gradle.internal.remote.internal.inet.InetAddresses] Is this a multicast interface? true
12:20:48.825 [DEBUG] [org.gradle.internal.remote.internal.inet.InetAddresses] Adding remote address /172.17.0.2
12:20:48.826 [DEBUG] [org.gradle.internal.remote.internal.inet.InetAddresses] Adding remote multicast interface eth0
12:20:48.826 [DEBUG] [org.gradle.internal.remote.internal.inet.InetAddresses] Adding IP addresses for network interface lo
12:20:48.826 [DEBUG] [org.gradle.internal.remote.internal.inet.InetAddresses] Is this a loopback interface? true
12:20:48.826 [DEBUG] [org.gradle.internal.remote.internal.inet.InetAddresses] Is this a multicast interface? false
12:20:48.827 [DEBUG] [org.gradle.internal.remote.internal.inet.InetAddresses] Adding loopback address /127.0.0.1
12:20:48.828 [DEBUG] [org.gradle.internal.remote.internal.inet.TcpIncomingConnector] Listening on [f50683f8-0c6a-4e28-bc5b-efa6fc458def port:44815, addresses:[/127.0.0.1]].
12:20:48.831 [DEBUG] [org.gradle.launcher.daemon.server.Daemon] Daemon starting at: Sun Oct 22 12:20:48 UTC 2017, with address: [f50683f8-0c6a-4e28-bc5b-efa6fc458def port:44815, addresses:[/127.0.0.1]]
12:20:48.832 [INFO] [org.gradle.launcher.daemon.server.DaemonRegistryUpdater] Advertising the daemon address to the clients: [f50683f8-0c6a-4e28-bc5b-efa6fc458def port:44815, addresses:[/127.0.0.1]]
12:20:48.832 [DEBUG] [org.gradle.launcher.daemon.server.DaemonRegistryUpdater] Advertised daemon context: DefaultDaemonContext[uid=84e55de8-1e77-4fcb-a5c2-89666bed7d04,javaHome=/usr/lib/jvm/java-8-openjdk-amd64,daemonRegistryDir=/var/jenkins_home/.gradle/daemon,pid=1607,idleTimeout=10800000,daemonOpts=-XX:+HeapDumpOnOutOfMemoryError,-Xmx1024m,-Dfile.encoding=UTF-8,-Duser.country,-Duser.language=en,-Duser.variant]
12:20:48.833 [DEBUG] [org.gradle.launcher.daemon.registry.PersistentDaemonRegistry] Storing daemon address: [f50683f8-0c6a-4e28-bc5b-efa6fc458def port:44815, addresses:[/127.0.0.1]], context: DefaultDaemonContext[uid=84e55de8-1e77-4fcb-a5c2-89666bed7d04,javaHome=/usr/lib/jvm/java-8-openjdk-amd64,daemonRegistryDir=/var/jenkins_home/.gradle/daemon,pid=1607,idleTimeout=10800000,daemonOpts=-XX:+HeapDumpOnOutOfMemoryError,-Xmx1024m,-Dfile.encoding=UTF-8,-Duser.country,-Duser.language=en,-Duser.variant]
12:20:48.838 [DEBUG] [org.gradle.cache.internal.DefaultFileLockManager] Waiting to acquire exclusive lock on daemon addresses registry.
12:20:48.840 [DEBUG] [org.gradle.cache.internal.DefaultFileLockManager] Lock acquired on daemon addresses registry.
12:20:48.843 [DEBUG] [org.gradle.cache.internal.DefaultFileLockManager] Releasing lock on daemon addresses registry.
12:20:48.843 [LIFECYCLE] [org.gradle.launcher.daemon.server.Daemon] Daemon server started.
12:20:48.844 [DEBUG] [org.gradle.launcher.daemon.bootstrap.DaemonStartupCommunication] Completed writing the daemon greeting. Closing streams...
12:20:48.848 [DEBUG] [org.gradle.launcher.daemon.server.Daemon] stopOnExpiration() called on daemon
12:20:48.849 [DEBUG] [org.gradle.launcher.daemon.server.Daemon] awaitExpiration() called on daemon
12:20:48.850 [DEBUG] [org.gradle.launcher.daemon.server.DaemonStateCoordinator] daemon is running. Sleeping until state changes.
12:20:48.853 [DEBUG] [org.gradle.internal.remote.internal.inet.TcpIncomingConnector] Accepted connection from /127.0.0.1:46224 to /127.0.0.1:44815.
12:20:48.916 [DEBUG] [org.gradle.launcher.daemon.server.SynchronizedDispatchConnection] thread 15: received class org.gradle.launcher.daemon.protocol.Build
12:20:48.916 [DEBUG] [org.gradle.launcher.daemon.server.DefaultDaemonConnection] thread 15: Received non-IO message from client: Build{id=3fc62d45-18be-4951-8d08-68d94eaf551f.1, currentDir=/var/jenkins_home/workspace/rps-backend_master-2CQFYV2JUDAYL3STJXQ73TMCXPN3USY2A4FQLFTYGJXHYYBAN2YQ}
12:20:48.917 [INFO] [org.gradle.launcher.daemon.server.DefaultIncomingConnectionHandler] Received command: Build{id=3fc62d45-18be-4951-8d08-68d94eaf551f.1, currentDir=/var/jenkins_home/workspace/rps-backend_master-2CQFYV2JUDAYL3STJXQ73TMCXPN3USY2A4FQLFTYGJXHYYBAN2YQ}.
12:20:48.917 [DEBUG] [org.gradle.launcher.daemon.server.DefaultIncomingConnectionHandler] Starting executing command: Build{id=3fc62d45-18be-4951-8d08-68d94eaf551f.1, currentDir=/var/jenkins_home/workspace/rps-backend_master-2CQFYV2JUDAYL3STJXQ73TMCXPN3USY2A4FQLFTYGJXHYYBAN2YQ} with connection: socket connection from /127.0.0.1:44815 to /127.0.0.1:46224.
12:20:48.918 [ERROR] [org.gradle.launcher.daemon.server.DaemonStateCoordinator] Command execution: started DaemonCommandExecution[command = Build{id=3fc62d45-18be-4951-8d08-68d94eaf551f.1, currentDir=/var/jenkins_home/workspace/rps-backend_master-2CQFYV2JUDAYL3STJXQ73TMCXPN3USY2A4FQLFTYGJXHYYBAN2YQ}, connection = DefaultDaemonConnection: socket connection from /127.0.0.1:44815 to /127.0.0.1:46224] after 0.0 minutes of idle
12:20:48.918 [INFO] [org.gradle.launcher.daemon.server.DaemonRegistryUpdater] Marking the daemon as busy, address: [f50683f8-0c6a-4e28-bc5b-efa6fc458def port:44815, addresses:[/127.0.0.1]]
12:20:48.919 [DEBUG] [org.gradle.launcher.daemon.registry.PersistentDaemonRegistry] Marking busy by address: [f50683f8-0c6a-4e28-bc5b-efa6fc458def port:44815, addresses:[/127.0.0.1]]
12:20:48.919 [DEBUG] [org.gradle.cache.internal.DefaultFileLockManager] Waiting to acquire exclusive lock on daemon addresses registry.
12:20:48.919 [DEBUG] [org.gradle.cache.internal.DefaultFileLockManager] Lock acquired on daemon addresses registry.
12:20:48.920 [DEBUG] [org.gradle.cache.internal.DefaultFileLockManager] Releasing lock on daemon addresses registry.
12:20:48.921 [DEBUG] [org.gradle.launcher.daemon.server.DaemonStateCoordinator] resetting idle timer
12:20:48.921 [DEBUG] [org.gradle.launcher.daemon.server.DaemonStateCoordinator] daemon is running. Sleeping until state changes.
12:20:48.922 [INFO] [org.gradle.launcher.daemon.server.exec.StartBuildOrRespondWithBusy] Daemon is about to start building Build{id=3fc62d45-18be-4951-8d08-68d94eaf551f.1, currentDir=/var/jenkins_home/workspace/rps-backend_master-2CQFYV2JUDAYL3STJXQ73TMCXPN3USY2A4FQLFTYGJXHYYBAN2YQ}. Dispatching build started information...
12:20:48.922 [DEBUG] [org.gradle.launcher.daemon.server.SynchronizedDispatchConnection] thread 17: dispatching class org.gradle.launcher.daemon.protocol.BuildStarted
12:20:48.926 [DEBUG] [org.gradle.launcher.daemon.server.exec.EstablishBuildEnvironment] Configuring env variables: {PATH=/usr/local/sbin:/usr/local/bin:/usr/sbin:/usr/bin:/sbin:/bin, COPY_REFERENCE_FILE_LOG=/var/jenkins_home/copy_reference_file.log, RUN_DISPLAY_URL=http://unconfigured-jenkins-location/job/rps-backend/job/master/1/display/redirect, HUDSON_HOME=/var/jenkins_home, RUN_CHANGES_DISPLAY_URL=http://unconfigured-jenkins-location/job/rps-backend/job/master/1/display/redirect?page=changes, JAVA_HOME=/docker-java-home, HUDSON_COOKIE=61394f83-6bd8-4149-bfc5-11ff0093ed06, JAVA_OPTS=-Djenkins.install.runSetupWizard=false, CA_CERTIFICATES_JAVA_VERSION=20170531+nmu1, BUILD_ID=1, JENKINS_VERSION=2.85, JENKINS_NODE_COOKIE=73ae1603-d5a1-4214-b68c-441d610f441f, LANG=C.UTF-8, JOB_NAME=rps-backend/master, NODE_LABELS=master, JENKINS_SERVER_COOKIE=durable-3f270521b9cdd601bbc5e73d48e9f467, WORKSPACE=/var/jenkins_home/workspace/rps-backend_master-2CQFYV2JUDAYL3STJXQ73TMCXPN3USY2A4FQLFTYGJXHYYBAN2YQ, JENKINS_SLAVE_AGENT_PORT=50000, TINI_VERSION=0.14.0, PWD=/var/jenkins_home/workspace/rps-backend_master-2CQFYV2JUDAYL3STJXQ73TMCXPN3USY2A4FQLFTYGJXHYYBAN2YQ, JAVA_VERSION=8u141, GIT_COMMIT=bb21f8bf61893e50c0b6b14d2bc285fd857f670e, BUILD_TAG=jenkins-rps-backend-master-1, EXECUTOR_NUMBER=0, HUDSON_SERVER_COOKIE=300abe06ea7a228d, JENKINS_UC=https://updates.jenkins.io, TINI_SHA=6c41ec7d33e857d4779f14d9c74924cab0c7973485d2972419a3b7c7620ff5fd, JOB_BASE_NAME=master, OLDPWD=/var/jenkins_home/workspace/rps-backend_master-2CQFYV2JUDAYL3STJXQ73TMCXPN3USY2A4FQLFTYGJXHYYBAN2YQ, JENKINS_HOME=/var/jenkins_home, BUILD_NUMBER=1, NODE_NAME=master, BUILD_DISPLAY_NAME=#1, HOSTNAME=b0a2233036a7, JAVA_DEBIAN_VERSION=8u141-b15-1~deb9u1, JOB_DISPLAY_URL=http://unconfigured-jenkins-location/job/rps-backend/job/master/display/redirect, GIT_BRANCH=master, GIT_URL=https://github.com/Opdracht3/rps.git, JENKINS_UC_EXPERIMENTAL=https://updates.jenkins.io/experimental, BRANCH_NAME=master, HOME=/var/jenkins_home, SHLVL=0}
12:20:48.932 [DEBUG] [org.gradle.launcher.daemon.server.exec.LogToClient] About to start relaying all logs to the client via the connection.
12:20:48.932 [DEBUG] [org.gradle.launcher.daemon.server.SynchronizedDispatchConnection] thread 15: received class org.gradle.launcher.daemon.protocol.CloseInput
12:20:48.932 [DEBUG] [org.gradle.launcher.daemon.server.DefaultDaemonConnection] thread 15: Received IO message from client: org.gradle.launcher.daemon.protocol.CloseInput@293a4db
12:20:48.932 [INFO] [org.gradle.launcher.daemon.server.exec.LogToClient] The client will now receive all logging from the daemon (pid: 1607). The daemon log file: /var/jenkins_home/.gradle/daemon/4.1/daemon-1607.out.log
12:20:48.933 [INFO] [org.gradle.launcher.daemon.server.exec.LogAndCheckHealth] Starting build in new daemon [memory: 954.7 MB]
12:20:48.934 [INFO] [org.gradle.launcher.daemon.server.exec.ForwardClientInput] Closing daemon's stdin at end of input.
12:20:48.934 [INFO] [org.gradle.launcher.daemon.server.exec.ForwardClientInput] The daemon will no longer process any standard input.
12:20:48.936 [DEBUG] [org.gradle.launcher.daemon.server.exec.ExecuteBuild] The daemon has started executing the build.
12:20:48.937 [DEBUG] [org.gradle.launcher.daemon.server.exec.ExecuteBuild] Executing build with daemon context: DefaultDaemonContext[uid=84e55de8-1e77-4fcb-a5c2-89666bed7d04,javaHome=/usr/lib/jvm/java-8-openjdk-amd64,daemonRegistryDir=/var/jenkins_home/.gradle/daemon,pid=1607,idleTimeout=10800000,daemonOpts=-XX:+HeapDumpOnOutOfMemoryError,-Xmx1024m,-Dfile.encoding=UTF-8,-Duser.country,-Duser.language=en,-Duser.variant]
Download https://repo1.maven.org/maven2/org/springframework/boot/spring-boot-gradle-plugin/1.5.7.RELEASE/spring-boot-gradle-plugin-1.5.7.RELEASE.pom
Download https://repo1.maven.org/maven2/org/springframework/boot/spring-boot-tools/1.5.7.RELEASE/spring-boot-tools-1.5.7.RELEASE.pom
Download https://repo1.maven.org/maven2/org/springframework/boot/spring-boot-parent/1.5.7.RELEASE/spring-boot-parent-1.5.7.RELEASE.pom
Download https://repo1.maven.org/maven2/org/springframework/boot/spring-boot-dependencies/1.5.7.RELEASE/spring-boot-dependencies-1.5.7.RELEASE.pom
Download https://repo1.maven.org/maven2/com/fasterxml/jackson/jackson-bom/2.8.10/jackson-bom-2.8.10.pom
Download https://repo1.maven.org/maven2/com/fasterxml/jackson/jackson-parent/2.8/jackson-parent-2.8.pom
Download https://repo1.maven.org/maven2/com/fasterxml/oss-parent/27/oss-parent-27.pom
Download https://repo1.maven.org/maven2/org/apache/logging/log4j/log4j-bom/2.7/log4j-bom-2.7.pom
Download https://repo1.maven.org/maven2/org/apache/apache/9/apache-9.pom
Download https://repo1.maven.org/maven2/org/springframework/spring-framework-bom/4.3.11.RELEASE/spring-framework-bom-4.3.11.RELEASE.pom
Download https://repo1.maven.org/maven2/org/springframework/data/spring-data-releasetrain/Ingalls-SR7/spring-data-releasetrain-Ingalls-SR7.pom
Download https://repo1.maven.org/maven2/org/springframework/data/build/spring-data-build/1.9.7.RELEASE/spring-data-build-1.9.7.RELEASE.pom
Download https://repo1.maven.org/maven2/org/springframework/integration/spring-integration-bom/4.3.12.RELEASE/spring-integration-bom-4.3.12.RELEASE.pom
Download https://repo1.maven.org/maven2/org/springframework/security/spring-security-bom/4.2.3.RELEASE/spring-security-bom-4.2.3.RELEASE.pom
Download https://repo1.maven.org/maven2/org/springframework/boot/spring-boot-loader-tools/1.5.7.RELEASE/spring-boot-loader-tools-1.5.7.RELEASE.pom
Download https://repo1.maven.org/maven2/io/spring/gradle/dependency-management-plugin/1.0.3.RELEASE/dependency-management-plugin-1.0.3.RELEASE.pom
Download https://repo1.maven.org/maven2/org/springframework/spring-core/4.3.11.RELEASE/spring-core-4.3.11.RELEASE.pom
Download https://repo1.maven.org/maven2/commons-logging/commons-logging/1.2/commons-logging-1.2.pom
Download https://repo1.maven.org/maven2/org/apache/commons/commons-parent/34/commons-parent-34.pom
Download https://repo1.maven.org/maven2/org/apache/apache/13/apache-13.pom
Download https://repo1.maven.org/maven2/commons-logging/commons-logging/1.2/commons-logging-1.2.jar
Download https://repo1.maven.org/maven2/org/springframework/spring-core/4.3.11.RELEASE/spring-core-4.3.11.RELEASE.jar
Download https://repo1.maven.org/maven2/org/springframework/boot/spring-boot-gradle-plugin/1.5.7.RELEASE/spring-boot-gradle-plugin-1.5.7.RELEASE.jar
Download https://repo1.maven.org/maven2/org/springframework/boot/spring-boot-loader-tools/1.5.7.RELEASE/spring-boot-loader-tools-1.5.7.RELEASE.jar
Download https://repo1.maven.org/maven2/io/spring/gradle/dependency-management-plugin/1.0.3.RELEASE/dependency-management-plugin-1.0.3.RELEASE.jar
Download https://repo1.maven.org/maven2/org/springframework/boot/spring-boot-starter-parent/1.5.7.RELEASE/spring-boot-starter-parent-1.5.7.RELEASE.pom
Download https://repo1.maven.org/maven2/org/springframework/boot/spring-boot-starter-web/1.5.7.RELEASE/spring-boot-starter-web-1.5.7.RELEASE.pom
Download https://repo1.maven.org/maven2/org/springframework/boot/spring-boot-starter-data-jpa/1.5.7.RELEASE/spring-boot-starter-data-jpa-1.5.7.RELEASE.pom
Download https://repo1.maven.org/maven2/org/springframework/boot/spring-boot-starters/1.5.7.RELEASE/spring-boot-starters-1.5.7.RELEASE.pom
Download https://repo1.maven.org/maven2/org/springframework/boot/spring-boot-starter-aop/1.5.7.RELEASE/spring-boot-starter-aop-1.5.7.RELEASE.pom
Download https://repo1.maven.org/maven2/org/springframework/boot/spring-boot-starter/1.5.7.RELEASE/spring-boot-starter-1.5.7.RELEASE.pom
Download https://repo1.maven.org/maven2/org/hibernate/hibernate-entitymanager/5.0.12.Final/hibernate-entitymanager-5.0.12.Final.pom
Download https://repo1.maven.org/maven2/javax/transaction/javax.transaction-api/1.2/javax.transaction-api-1.2.pom
Download https://repo1.maven.org/maven2/org/springframework/boot/spring-boot-starter-jdbc/1.5.7.RELEASE/spring-boot-starter-jdbc-1.5.7.RELEASE.pom
Download https://repo1.maven.org/maven2/org/hibernate/hibernate-core/5.0.12.Final/hibernate-core-5.0.12.Final.pom
Download https://repo1.maven.org/maven2/org/springframework/spring-aspects/4.3.11.RELEASE/spring-aspects-4.3.11.RELEASE.pom
Download https://repo1.maven.org/maven2/org/springframework/data/spring-data-jpa/1.11.7.RELEASE/spring-data-jpa-1.11.7.RELEASE.pom
Download https://repo1.maven.org/maven2/net/java/jvnet-parent/3/jvnet-parent-3.pom
Download https://repo1.maven.org/maven2/org/springframework/data/build/spring-data-parent/1.9.7.RELEASE/spring-data-parent-1.9.7.RELEASE.pom
Download https://repo1.maven.org/maven2/org/springframework/spring-webmvc/4.3.11.RELEASE/spring-webmvc-4.3.11.RELEASE.pom
Download https://repo1.maven.org/maven2/org/springframework/spring-web/4.3.11.RELEASE/spring-web-4.3.11.RELEASE.pom
Download https://repo1.maven.org/maven2/org/hibernate/hibernate-validator/5.3.5.Final/hibernate-validator-5.3.5.Final.pom
Download https://repo1.maven.org/maven2/com/fasterxml/jackson/core/jackson-databind/2.8.10/jackson-databind-2.8.10.pom
Download https://repo1.maven.org/maven2/org/hibernate/hibernate-validator-parent/5.3.5.Final/hibernate-validator-parent-5.3.5.Final.pom
Download https://repo1.maven.org/maven2/org/springframework/boot/spring-boot-starter-tomcat/1.5.7.RELEASE/spring-boot-starter-tomcat-1.5.7.RELEASE.pom
Download https://repo1.maven.org/maven2/org/jboss/arquillian/arquillian-bom/1.1.11.Final/arquillian-bom-1.1.11.Final.pom
Download https://repo1.maven.org/maven2/org/jboss/shrinkwrap/shrinkwrap-bom/1.2.3/shrinkwrap-bom-1.2.3.pom
Download https://repo1.maven.org/maven2/org/jboss/shrinkwrap/resolver/shrinkwrap-resolver-bom/2.2.0/shrinkwrap-resolver-bom-2.2.0.pom
Download https://repo1.maven.org/maven2/org/jboss/shrinkwrap/descriptors/shrinkwrap-descriptors-bom/2.0.0-alpha-8/shrinkwrap-descriptors-bom-2.0.0-alpha-8.pom
Download https://repo1.maven.org/maven2/org/yaml/snakeyaml/1.17/snakeyaml-1.17.pom
Download https://repo1.maven.org/maven2/org/springframework/boot/spring-boot-autoconfigure/1.5.7.RELEASE/spring-boot-autoconfigure-1.5.7.RELEASE.pom
Download https://repo1.maven.org/maven2/org/springframework/boot/spring-boot-starter-logging/1.5.7.RELEASE/spring-boot-starter-logging-1.5.7.RELEASE.pom
Download https://repo1.maven.org/maven2/org/springframework/boot/spring-boot/1.5.7.RELEASE/spring-boot-1.5.7.RELEASE.pom
Download https://repo1.maven.org/maven2/org/springframework/spring-aop/4.3.11.RELEASE/spring-aop-4.3.11.RELEASE.pom
Download https://repo1.maven.org/maven2/org/aspectj/aspectjweaver/1.8.10/aspectjweaver-1.8.10.pom
Download https://repo1.maven.org/maven2/org/apache/tomcat/tomcat-jdbc/8.5.20/tomcat-jdbc-8.5.20.pom
Download https://repo1.maven.org/maven2/org/springframework/spring-jdbc/4.3.11.RELEASE/spring-jdbc-4.3.11.RELEASE.pom
Download https://repo1.maven.org/maven2/org/hibernate/javax/persistence/hibernate-jpa-2.1-api/1.0.0.Final/hibernate-jpa-2.1-api-1.0.0.Final.pom
Download https://repo1.maven.org/maven2/org/hibernate/common/hibernate-commons-annotations/5.0.1.Final/hibernate-commons-annotations-5.0.1.Final.pom
Download https://repo1.maven.org/maven2/antlr/antlr/2.7.7/antlr-2.7.7.pom
Download https://repo1.maven.org/maven2/org/jboss/logging/jboss-logging/3.3.1.Final/jboss-logging-3.3.1.Final.pom
Download https://repo1.maven.org/maven2/dom4j/dom4j/1.6.1/dom4j-1.6.1.pom
Download https://repo1.maven.org/maven2/org/javassist/javassist/3.21.0-GA/javassist-3.21.0-GA.pom
Download https://repo1.maven.org/maven2/org/jboss/jandex/2.0.0.Final/jandex-2.0.0.Final.pom
Download https://repo1.maven.org/maven2/org/jboss/jboss-parent/15/jboss-parent-15.pom
Download https://repo1.maven.org/maven2/org/jboss/jboss-parent/12/jboss-parent-12.pom
Download https://repo1.maven.org/maven2/org/slf4j/slf4j-api/1.7.25/slf4j-api-1.7.25.pom
Download https://repo1.maven.org/maven2/org/springframework/spring-tx/4.3.11.RELEASE/spring-tx-4.3.11.RELEASE.pom
Download https://repo1.maven.org/maven2/org/slf4j/jcl-over-slf4j/1.7.25/jcl-over-slf4j-1.7.25.pom
Download https://repo1.maven.org/maven2/org/springframework/spring-context/4.3.11.RELEASE/spring-context-4.3.11.RELEASE.pom
Download https://repo1.maven.org/maven2/org/springframework/spring-orm/4.3.11.RELEASE/spring-orm-4.3.11.RELEASE.pom
Download https://repo1.maven.org/maven2/org/slf4j/slf4j-parent/1.7.25/slf4j-parent-1.7.25.pom
Download https://repo1.maven.org/maven2/org/springframework/spring-beans/4.3.11.RELEASE/spring-beans-4.3.11.RELEASE.pom
Download https://repo1.maven.org/maven2/org/springframework/data/spring-data-commons/1.13.7.RELEASE/spring-data-commons-1.13.7.RELEASE.pom
Download https://repo1.maven.org/maven2/org/apache/tomcat/embed/tomcat-embed-el/8.5.20/tomcat-embed-el-8.5.20.pom
Download https://repo1.maven.org/maven2/org/apache/tomcat/embed/tomcat-embed-core/8.5.20/tomcat-embed-core-8.5.20.pom
Download https://repo1.maven.org/maven2/org/apache/tomcat/embed/tomcat-embed-websocket/8.5.20/tomcat-embed-websocket-8.5.20.pom
Download https://repo1.maven.org/maven2/javax/validation/validation-api/1.1.0.Final/validation-api-1.1.0.Final.pom
Download https://repo1.maven.org/maven2/com/fasterxml/classmate/1.3.4/classmate-1.3.4.pom
Download https://repo1.maven.org/maven2/com/fasterxml/oss-parent/24/oss-parent-24.pom
Download https://repo1.maven.org/maven2/com/fasterxml/jackson/core/jackson-core/2.8.10/jackson-core-2.8.10.pom
Download https://repo1.maven.org/maven2/com/fasterxml/jackson/core/jackson-annotations/2.8.0/jackson-annotations-2.8.0.pom
Download https://repo1.maven.org/maven2/org/springframework/spring-expression/4.3.11.RELEASE/spring-expression-4.3.11.RELEASE.pom
Download https://repo1.maven.org/maven2/org/slf4j/log4j-over-slf4j/1.7.25/log4j-over-slf4j-1.7.25.pom
Download https://repo1.maven.org/maven2/ch/qos/logback/logback-classic/1.1.11/logback-classic-1.1.11.pom
Download https://repo1.maven.org/maven2/org/slf4j/jul-to-slf4j/1.7.25/jul-to-slf4j-1.7.25.pom
Download https://repo1.maven.org/maven2/ch/qos/logback/logback-parent/1.1.11/logback-parent-1.1.11.pom
Download https://repo1.maven.org/maven2/org/apache/tomcat/tomcat-juli/8.5.20/tomcat-juli-8.5.20.pom
Download https://repo1.maven.org/maven2/xml-apis/xml-apis/1.4.01/xml-apis-1.4.01.pom
Download https://repo1.maven.org/maven2/ch/qos/logback/logback-core/1.1.11/logback-core-1.1.11.pom
Download https://repo1.maven.org/maven2/org/springframework/boot/spring-boot-starter-data-jpa/1.5.7.RELEASE/spring-boot-starter-data-jpa-1.5.7.RELEASE.jar
Download https://repo1.maven.org/maven2/org/springframework/boot/spring-boot-starter-jdbc/1.5.7.RELEASE/spring-boot-starter-jdbc-1.5.7.RELEASE.jar
Download https://repo1.maven.org/maven2/org/springframework/boot/spring-boot-starter-aop/1.5.7.RELEASE/spring-boot-starter-aop-1.5.7.RELEASE.jar
Download https://repo1.maven.org/maven2/org/hibernate/hibernate-core/5.0.12.Final/hibernate-core-5.0.12.Final.jar
Download https://repo1.maven.org/maven2/org/hibernate/hibernate-entitymanager/5.0.12.Final/hibernate-entitymanager-5.0.12.Final.jar
Download https://repo1.maven.org/maven2/org/springframework/boot/spring-boot-starter-web/1.5.7.RELEASE/spring-boot-starter-web-1.5.7.RELEASE.jar
Download https://repo1.maven.org/maven2/javax/transaction/javax.transaction-api/1.2/javax.transaction-api-1.2.jar
Download https://repo1.maven.org/maven2/org/springframework/data/spring-data-jpa/1.11.7.RELEASE/spring-data-jpa-1.11.7.RELEASE.jar
Download https://repo1.maven.org/maven2/org/springframework/boot/spring-boot-starter-tomcat/1.5.7.RELEASE/spring-boot-starter-tomcat-1.5.7.RELEASE.jar
Download https://repo1.maven.org/maven2/org/springframework/spring-aspects/4.3.11.RELEASE/spring-aspects-4.3.11.RELEASE.jar
Download https://repo1.maven.org/maven2/org/hibernate/hibernate-validator/5.3.5.Final/hibernate-validator-5.3.5.Final.jar
Download https://repo1.maven.org/maven2/org/springframework/boot/spring-boot-starter/1.5.7.RELEASE/spring-boot-starter-1.5.7.RELEASE.jar
Download https://repo1.maven.org/maven2/com/fasterxml/jackson/core/jackson-databind/2.8.10/jackson-databind-2.8.10.jar
Download https://repo1.maven.org/maven2/org/springframework/spring-webmvc/4.3.11.RELEASE/spring-webmvc-4.3.11.RELEASE.jar
Download https://repo1.maven.org/maven2/org/springframework/spring-web/4.3.11.RELEASE/spring-web-4.3.11.RELEASE.jar
Download https://repo1.maven.org/maven2/org/springframework/boot/spring-boot-autoconfigure/1.5.7.RELEASE/spring-boot-autoconfigure-1.5.7.RELEASE.jar
Download https://repo1.maven.org/maven2/org/springframework/boot/spring-boot/1.5.7.RELEASE/spring-boot-1.5.7.RELEASE.jar
Download https://repo1.maven.org/maven2/org/springframework/boot/spring-boot-starter-logging/1.5.7.RELEASE/spring-boot-starter-logging-1.5.7.RELEASE.jar
Download https://repo1.maven.org/maven2/org/springframework/spring-context/4.3.11.RELEASE/spring-context-4.3.11.RELEASE.jar
Download https://repo1.maven.org/maven2/org/springframework/spring-aop/4.3.11.RELEASE/spring-aop-4.3.11.RELEASE.jar
Download https://repo1.maven.org/maven2/org/springframework/spring-orm/4.3.11.RELEASE/spring-orm-4.3.11.RELEASE.jar
Download https://repo1.maven.org/maven2/org/springframework/spring-jdbc/4.3.11.RELEASE/spring-jdbc-4.3.11.RELEASE.jar
Download https://repo1.maven.org/maven2/org/springframework/data/spring-data-commons/1.13.7.RELEASE/spring-data-commons-1.13.7.RELEASE.jar
Download https://repo1.maven.org/maven2/org/springframework/spring-tx/4.3.11.RELEASE/spring-tx-4.3.11.RELEASE.jar
Download https://repo1.maven.org/maven2/org/springframework/spring-beans/4.3.11.RELEASE/spring-beans-4.3.11.RELEASE.jar
Download https://repo1.maven.org/maven2/org/springframework/spring-expression/4.3.11.RELEASE/spring-expression-4.3.11.RELEASE.jar
Download https://repo1.maven.org/maven2/org/yaml/snakeyaml/1.17/snakeyaml-1.17.jar
Download https://repo1.maven.org/maven2/org/aspectj/aspectjweaver/1.8.10/aspectjweaver-1.8.10.jar
Download https://repo1.maven.org/maven2/org/apache/tomcat/tomcat-jdbc/8.5.20/tomcat-jdbc-8.5.20.jar
Download https://repo1.maven.org/maven2/org/hibernate/common/hibernate-commons-annotations/5.0.1.Final/hibernate-commons-annotations-5.0.1.Final.jar
Download https://repo1.maven.org/maven2/org/jboss/logging/jboss-logging/3.3.1.Final/jboss-logging-3.3.1.Final.jar
Download https://repo1.maven.org/maven2/org/hibernate/javax/persistence/hibernate-jpa-2.1-api/1.0.0.Final/hibernate-jpa-2.1-api-1.0.0.Final.jar
Download https://repo1.maven.org/maven2/org/javassist/javassist/3.21.0-GA/javassist-3.21.0-GA.jar
Download https://repo1.maven.org/maven2/antlr/antlr/2.7.7/antlr-2.7.7.jar
Download https://repo1.maven.org/maven2/org/jboss/jandex/2.0.0.Final/jandex-2.0.0.Final.jar
Download https://repo1.maven.org/maven2/dom4j/dom4j/1.6.1/dom4j-1.6.1.jar
Download https://repo1.maven.org/maven2/org/slf4j/jcl-over-slf4j/1.7.25/jcl-over-slf4j-1.7.25.jar
Download https://repo1.maven.org/maven2/ch/qos/logback/logback-classic/1.1.11/logback-classic-1.1.11.jar
Download https://repo1.maven.org/maven2/org/slf4j/jul-to-slf4j/1.7.25/jul-to-slf4j-1.7.25.jar
Download https://repo1.maven.org/maven2/org/slf4j/log4j-over-slf4j/1.7.25/log4j-over-slf4j-1.7.25.jar
Download https://repo1.maven.org/maven2/org/apache/tomcat/embed/tomcat-embed-websocket/8.5.20/tomcat-embed-websocket-8.5.20.jar
Download https://repo1.maven.org/maven2/org/slf4j/slf4j-api/1.7.25/slf4j-api-1.7.25.jar
Download https://repo1.maven.org/maven2/org/apache/tomcat/embed/tomcat-embed-core/8.5.20/tomcat-embed-core-8.5.20.jar
Download https://repo1.maven.org/maven2/org/apache/tomcat/embed/tomcat-embed-el/8.5.20/tomcat-embed-el-8.5.20.jar
Download https://repo1.maven.org/maven2/javax/validation/validation-api/1.1.0.Final/validation-api-1.1.0.Final.jar
Download https://repo1.maven.org/maven2/com/fasterxml/jackson/core/jackson-core/2.8.10/jackson-core-2.8.10.jar
Download https://repo1.maven.org/maven2/org/apache/tomcat/tomcat-juli/8.5.20/tomcat-juli-8.5.20.jar
Download https://repo1.maven.org/maven2/com/fasterxml/classmate/1.3.4/classmate-1.3.4.jar
Download https://repo1.maven.org/maven2/com/fasterxml/jackson/core/jackson-annotations/2.8.0/jackson-annotations-2.8.0.jar
Download https://repo1.maven.org/maven2/ch/qos/logback/logback-core/1.1.11/logback-core-1.1.11.jar
:clean UP-TO-DATE
:compileJava
:processResources
:classes
:findMainClass
:jar
:bootRepackage
Download https://repo1.maven.org/maven2/com/h2database/h2/1.4.196/h2-1.4.196.pom
Download https://repo1.maven.org/maven2/com/h2database/h2/1.4.196/h2-1.4.196.jar
:assemble
:compileTestJava NO-SOURCE
:processTestResources NO-SOURCE
:testClasses UP-TO-DATE
:test NO-SOURCE
:check UP-TO-DATE
:build

BUILD SUCCESSFUL in 25s
6 actionable tasks: 5 executed, 1 up-to-date
12:21:00.835 [DEBUG] [org.gradle.launcher.daemon.server.exec.ExecuteBuild] The daemon has finished executing the build.
12:21:00.840 [DEBUG] [org.gradle.launcher.daemon.server.DaemonStateCoordinator] daemon is running. Sleeping until state changes.
12:21:00.841 [DEBUG] [org.gradle.launcher.daemon.server.DaemonStateCoordinator] Command execution: finished waiting for DaemonCommandExecution[command = Build{id=3fc62d45-18be-4951-8d08-68d94eaf551f.1, currentDir=/var/jenkins_home/workspace/rps-backend_master-2CQFYV2JUDAYL3STJXQ73TMCXPN3USY2A4FQLFTYGJXHYYBAN2YQ}, connection = DefaultDaemonConnection: socket connection from /127.0.0.1:44815 to /127.0.0.1:46224]. Result org.gradle.launcher.daemon.server.DaemonStateCoordinator@411b4cf5 with state Busy
12:21:00.841 [DEBUG] [org.gradle.launcher.daemon.server.DaemonStateCoordinator] Command execution: completed DaemonCommandExecution[command = Build{id=3fc62d45-18be-4951-8d08-68d94eaf551f.1, currentDir=/var/jenkins_home/workspace/rps-backend_master-2CQFYV2JUDAYL3STJXQ73TMCXPN3USY2A4FQLFTYGJXHYYBAN2YQ}, connection = DefaultDaemonConnection: socket connection from /127.0.0.1:44815 to /127.0.0.1:46224]
12:21:00.841 [DEBUG] [org.gradle.launcher.daemon.server.DaemonStateCoordinator] resetting idle timer
12:21:00.841 [INFO] [org.gradle.launcher.daemon.server.DaemonRegistryUpdater] Marking the daemon as idle, address: [f50683f8-0c6a-4e28-bc5b-efa6fc458def port:44815, addresses:[/127.0.0.1]]
12:21:00.841 [DEBUG] [org.gradle.launcher.daemon.registry.PersistentDaemonRegistry] Marking busy by address: [f50683f8-0c6a-4e28-bc5b-efa6fc458def port:44815, addresses:[/127.0.0.1]]
12:21:00.841 [DEBUG] [org.gradle.cache.internal.DefaultFileLockManager] Waiting to acquire exclusive lock on daemon addresses registry.
12:21:00.841 [DEBUG] [org.gradle.cache.internal.DefaultFileLockManager] Lock acquired on daemon addresses registry.
12:21:00.842 [DEBUG] [org.gradle.cache.internal.DefaultFileLockManager] Releasing lock on daemon addresses registry.
12:21:00.842 [DEBUG] [org.gradle.launcher.daemon.server.DaemonStateCoordinator] daemon is running. Sleeping until state changes.
12:21:00.842 [DEBUG] [org.gradle.launcher.daemon.server.exec.ReturnResult] Daemon is dispatching the build result: Success[value=null]
12:21:00.842 [DEBUG] [org.gradle.launcher.daemon.server.SynchronizedDispatchConnection] thread 14: dispatching class org.gradle.launcher.daemon.protocol.Success
12:21:00.843 [DEBUG] [org.gradle.launcher.daemon.server.DefaultIncomingConnectionHandler] Finishing executing command: Build{id=3fc62d45-18be-4951-8d08-68d94eaf551f.1, currentDir=/var/jenkins_home/workspace/rps-backend_master-2CQFYV2JUDAYL3STJXQ73TMCXPN3USY2A4FQLFTYGJXHYYBAN2YQ}
12:21:00.846 [DEBUG] [org.gradle.launcher.daemon.server.SynchronizedDispatchConnection] thread 15: received class org.gradle.launcher.daemon.protocol.Finished
12:21:00.846 [DEBUG] [org.gradle.launcher.daemon.server.DefaultDaemonConnection] thread 15: Received non-IO message from client: org.gradle.launcher.daemon.protocol.Finished@5b03b97c
12:21:00.846 [DEBUG] [org.gradle.launcher.daemon.server.DefaultIncomingConnectionHandler] Received finished message: org.gradle.launcher.daemon.protocol.Finished@5b03b97c
12:21:00.847 [DEBUG] [org.gradle.launcher.daemon.server.SynchronizedDispatchConnection] thread 14: stopping connection
12:21:00.847 [DEBUG] [org.gradle.internal.remote.internal.inet.SocketConnection] Discarding EOFException: java.io.EOFException
12:21:00.847 [DEBUG] [org.gradle.launcher.daemon.server.SynchronizedDispatchConnection] thread 15: received null
12:21:00.847 [DEBUG] [org.gradle.launcher.daemon.server.DefaultDaemonConnection] thread 15: Received end-of-input from client.
12:21:00.847 [DEBUG] [org.gradle.launcher.daemon.server.SynchronizedDispatchConnection] thread 14: stopping connection
12:21:01.733 [DEBUG] [org.gradle.internal.remote.internal.inet.TcpIncomingConnector] Accepted connection from /127.0.0.1:46260 to /127.0.0.1:44815.
12:21:01.777 [DEBUG] [org.gradle.launcher.daemon.server.SynchronizedDispatchConnection] thread 42: received class org.gradle.launcher.daemon.protocol.Build
12:21:01.777 [DEBUG] [org.gradle.launcher.daemon.server.DefaultDaemonConnection] thread 42: Received non-IO message from client: Build{id=1c024102-ce50-45a5-89df-1f0940b130bb.1, currentDir=/var/jenkins_home/workspace/rps-backend_master-2CQFYV2JUDAYL3STJXQ73TMCXPN3USY2A4FQLFTYGJXHYYBAN2YQ}
12:21:01.777 [INFO] [org.gradle.launcher.daemon.server.DefaultIncomingConnectionHandler] Received command: Build{id=1c024102-ce50-45a5-89df-1f0940b130bb.1, currentDir=/var/jenkins_home/workspace/rps-backend_master-2CQFYV2JUDAYL3STJXQ73TMCXPN3USY2A4FQLFTYGJXHYYBAN2YQ}.
12:21:01.778 [DEBUG] [org.gradle.launcher.daemon.server.DefaultIncomingConnectionHandler] Starting executing command: Build{id=1c024102-ce50-45a5-89df-1f0940b130bb.1, currentDir=/var/jenkins_home/workspace/rps-backend_master-2CQFYV2JUDAYL3STJXQ73TMCXPN3USY2A4FQLFTYGJXHYYBAN2YQ} with connection: socket connection from /127.0.0.1:44815 to /127.0.0.1:46260.
12:21:01.778 [ERROR] [org.gradle.launcher.daemon.server.DaemonStateCoordinator] Command execution: started DaemonCommandExecution[command = Build{id=1c024102-ce50-45a5-89df-1f0940b130bb.1, currentDir=/var/jenkins_home/workspace/rps-backend_master-2CQFYV2JUDAYL3STJXQ73TMCXPN3USY2A4FQLFTYGJXHYYBAN2YQ}, connection = DefaultDaemonConnection: socket connection from /127.0.0.1:44815 to /127.0.0.1:46260] after 0.0 minutes of idle
12:21:01.778 [INFO] [org.gradle.launcher.daemon.server.DaemonRegistryUpdater] Marking the daemon as busy, address: [f50683f8-0c6a-4e28-bc5b-efa6fc458def port:44815, addresses:[/127.0.0.1]]
12:21:01.778 [DEBUG] [org.gradle.launcher.daemon.registry.PersistentDaemonRegistry] Marking busy by address: [f50683f8-0c6a-4e28-bc5b-efa6fc458def port:44815, addresses:[/127.0.0.1]]
12:21:01.778 [DEBUG] [org.gradle.cache.internal.DefaultFileLockManager] Waiting to acquire exclusive lock on daemon addresses registry.
12:21:01.779 [DEBUG] [org.gradle.cache.internal.DefaultFileLockManager] Lock acquired on daemon addresses registry.
12:21:01.779 [DEBUG] [org.gradle.cache.internal.DefaultFileLockManager] Releasing lock on daemon addresses registry.
12:21:01.779 [DEBUG] [org.gradle.launcher.daemon.server.DaemonStateCoordinator] resetting idle timer
12:21:01.779 [DEBUG] [org.gradle.launcher.daemon.server.DaemonStateCoordinator] daemon is running. Sleeping until state changes.
12:21:01.779 [INFO] [org.gradle.launcher.daemon.server.exec.StartBuildOrRespondWithBusy] Daemon is about to start building Build{id=1c024102-ce50-45a5-89df-1f0940b130bb.1, currentDir=/var/jenkins_home/workspace/rps-backend_master-2CQFYV2JUDAYL3STJXQ73TMCXPN3USY2A4FQLFTYGJXHYYBAN2YQ}. Dispatching build started information...
12:21:01.779 [DEBUG] [org.gradle.launcher.daemon.server.SynchronizedDispatchConnection] thread 17: dispatching class org.gradle.launcher.daemon.protocol.BuildStarted
12:21:01.780 [DEBUG] [org.gradle.launcher.daemon.server.exec.EstablishBuildEnvironment] Configuring env variables: {PATH=/usr/local/sbin:/usr/local/bin:/usr/sbin:/usr/bin:/sbin:/bin, COPY_REFERENCE_FILE_LOG=/var/jenkins_home/copy_reference_file.log, RUN_DISPLAY_URL=http://unconfigured-jenkins-location/job/rps-backend/job/master/1/display/redirect, HUDSON_HOME=/var/jenkins_home, RUN_CHANGES_DISPLAY_URL=http://unconfigured-jenkins-location/job/rps-backend/job/master/1/display/redirect?page=changes, JAVA_HOME=/docker-java-home, HUDSON_COOKIE=5862d184-12e7-40f8-8421-a15aad4b390a, JAVA_OPTS=-Djenkins.install.runSetupWizard=false, CA_CERTIFICATES_JAVA_VERSION=20170531+nmu1, BUILD_ID=1, JENKINS_VERSION=2.85, JENKINS_NODE_COOKIE=73ae1603-d5a1-4214-b68c-441d610f441f, LANG=C.UTF-8, JOB_NAME=rps-backend/master, NODE_LABELS=master, JENKINS_SERVER_COOKIE=durable-3f270521b9cdd601bbc5e73d48e9f467, WORKSPACE=/var/jenkins_home/workspace/rps-backend_master-2CQFYV2JUDAYL3STJXQ73TMCXPN3USY2A4FQLFTYGJXHYYBAN2YQ, JENKINS_SLAVE_AGENT_PORT=50000, TINI_VERSION=0.14.0, PWD=/var/jenkins_home/workspace/rps-backend_master-2CQFYV2JUDAYL3STJXQ73TMCXPN3USY2A4FQLFTYGJXHYYBAN2YQ, JAVA_VERSION=8u141, GIT_COMMIT=bb21f8bf61893e50c0b6b14d2bc285fd857f670e, BUILD_TAG=jenkins-rps-backend-master-1, EXECUTOR_NUMBER=0, HUDSON_SERVER_COOKIE=300abe06ea7a228d, JENKINS_UC=https://updates.jenkins.io, TINI_SHA=6c41ec7d33e857d4779f14d9c74924cab0c7973485d2972419a3b7c7620ff5fd, JOB_BASE_NAME=master, OLDPWD=/var/jenkins_home/workspace/rps-backend_master-2CQFYV2JUDAYL3STJXQ73TMCXPN3USY2A4FQLFTYGJXHYYBAN2YQ, JENKINS_HOME=/var/jenkins_home, BUILD_NUMBER=1, NODE_NAME=master, BUILD_DISPLAY_NAME=#1, HOSTNAME=b0a2233036a7, JAVA_DEBIAN_VERSION=8u141-b15-1~deb9u1, JOB_DISPLAY_URL=http://unconfigured-jenkins-location/job/rps-backend/job/master/display/redirect, GIT_BRANCH=master, GIT_URL=https://github.com/Opdracht3/rps.git, JENKINS_UC_EXPERIMENTAL=https://updates.jenkins.io/experimental, BRANCH_NAME=master, HOME=/var/jenkins_home, SHLVL=0}
12:21:01.781 [DEBUG] [org.gradle.launcher.daemon.server.exec.LogToClient] About to start relaying all logs to the client via the connection.
12:21:01.781 [INFO] [org.gradle.launcher.daemon.server.exec.LogToClient] The client will now receive all logging from the daemon (pid: 1607). The daemon log file: /var/jenkins_home/.gradle/daemon/4.1/daemon-1607.out.log
12:21:01.781 [INFO] [org.gradle.launcher.daemon.server.exec.LogAndCheckHealth] Starting 2nd build in daemon [uptime: 13.285 secs, performance: 99%]
12:21:01.782 [DEBUG] [org.gradle.launcher.daemon.server.exec.ExecuteBuild] The daemon has started executing the build.
12:21:01.782 [DEBUG] [org.gradle.launcher.daemon.server.exec.ExecuteBuild] Executing build with daemon context: DefaultDaemonContext[uid=84e55de8-1e77-4fcb-a5c2-89666bed7d04,javaHome=/usr/lib/jvm/java-8-openjdk-amd64,daemonRegistryDir=/var/jenkins_home/.gradle/daemon,pid=1607,idleTimeout=10800000,daemonOpts=-XX:+HeapDumpOnOutOfMemoryError,-Xmx1024m,-Dfile.encoding=UTF-8,-Duser.country,-Duser.language=en,-Duser.variant]
:compileJava UP-TO-DATE
:processResources UP-TO-DATE
:classes UP-TO-DATE
:findMainClass
:jar
:bootRepackage

BUILD SUCCESSFUL in 0s
5 actionable tasks: 3 executed, 2 up-to-date
12:21:02.362 [DEBUG] [org.gradle.launcher.daemon.server.exec.ExecuteBuild] The daemon has finished executing the build.
12:21:02.369 [DEBUG] [org.gradle.launcher.daemon.server.DaemonStateCoordinator] daemon is running. Sleeping until state changes.
12:21:02.369 [DEBUG] [org.gradle.launcher.daemon.server.DaemonStateCoordinator] Command execution: finished waiting for DaemonCommandExecution[command = Build{id=1c024102-ce50-45a5-89df-1f0940b130bb.1, currentDir=/var/jenkins_home/workspace/rps-backend_master-2CQFYV2JUDAYL3STJXQ73TMCXPN3USY2A4FQLFTYGJXHYYBAN2YQ}, connection = DefaultDaemonConnection: socket connection from /127.0.0.1:44815 to /127.0.0.1:46260]. Result org.gradle.launcher.daemon.server.DaemonStateCoordinator@411b4cf5 with state Busy
12:21:02.369 [DEBUG] [org.gradle.launcher.daemon.server.DaemonStateCoordinator] Command execution: completed DaemonCommandExecution[command = Build{id=1c024102-ce50-45a5-89df-1f0940b130bb.1, currentDir=/var/jenkins_home/workspace/rps-backend_master-2CQFYV2JUDAYL3STJXQ73TMCXPN3USY2A4FQLFTYGJXHYYBAN2YQ}, connection = DefaultDaemonConnection: socket connection from /127.0.0.1:44815 to /127.0.0.1:46260]
12:21:02.369 [DEBUG] [org.gradle.launcher.daemon.server.DaemonStateCoordinator] resetting idle timer
12:21:02.369 [INFO] [org.gradle.launcher.daemon.server.DaemonRegistryUpdater] Marking the daemon as idle, address: [f50683f8-0c6a-4e28-bc5b-efa6fc458def port:44815, addresses:[/127.0.0.1]]
12:21:02.369 [DEBUG] [org.gradle.launcher.daemon.registry.PersistentDaemonRegistry] Marking busy by address: [f50683f8-0c6a-4e28-bc5b-efa6fc458def port:44815, addresses:[/127.0.0.1]]
12:21:02.370 [DEBUG] [org.gradle.cache.internal.DefaultFileLockManager] Waiting to acquire exclusive lock on daemon addresses registry.
12:21:02.370 [DEBUG] [org.gradle.cache.internal.DefaultFileLockManager] Lock acquired on daemon addresses registry.
12:21:02.370 [DEBUG] [org.gradle.cache.internal.DefaultFileLockManager] Releasing lock on daemon addresses registry.
12:21:02.370 [DEBUG] [org.gradle.launcher.daemon.server.exec.ReturnResult] Daemon is dispatching the build result: Success[value=null]
12:21:02.370 [DEBUG] [org.gradle.launcher.daemon.server.DaemonStateCoordinator] daemon is running. Sleeping until state changes.
12:21:02.370 [DEBUG] [org.gradle.launcher.daemon.server.SynchronizedDispatchConnection] thread 14: dispatching class org.gradle.launcher.daemon.protocol.Success
12:21:02.370 [DEBUG] [org.gradle.launcher.daemon.server.DefaultIncomingConnectionHandler] Finishing executing command: Build{id=1c024102-ce50-45a5-89df-1f0940b130bb.1, currentDir=/var/jenkins_home/workspace/rps-backend_master-2CQFYV2JUDAYL3STJXQ73TMCXPN3USY2A4FQLFTYGJXHYYBAN2YQ}
12:21:02.373 [DEBUG] [org.gradle.launcher.daemon.server.SynchronizedDispatchConnection] thread 42: received class org.gradle.launcher.daemon.protocol.Finished
12:21:02.373 [DEBUG] [org.gradle.launcher.daemon.server.DefaultDaemonConnection] thread 42: Received non-IO message from client: org.gradle.launcher.daemon.protocol.Finished@2533d5ea
12:21:02.373 [DEBUG] [org.gradle.launcher.daemon.server.DefaultIncomingConnectionHandler] Received finished message: org.gradle.launcher.daemon.protocol.Finished@2533d5ea
12:21:02.373 [DEBUG] [org.gradle.launcher.daemon.server.SynchronizedDispatchConnection] thread 14: stopping connection
12:21:02.373 [DEBUG] [org.gradle.internal.remote.internal.inet.SocketConnection] Discarding EOFException: java.io.EOFException
12:21:02.374 [DEBUG] [org.gradle.launcher.daemon.server.SynchronizedDispatchConnection] thread 42: received null
12:21:02.374 [DEBUG] [org.gradle.launcher.daemon.server.DefaultDaemonConnection] thread 42: Received end-of-input from client.
12:21:02.374 [DEBUG] [org.gradle.launcher.daemon.server.SynchronizedDispatchConnection] thread 14: stopping connection
Daemon vm is shutting down... The daemon has exited normally or was terminated in response to a user interrupt.
12:21:03.155 [DEBUG] [org.gradle.launcher.daemon.registry.PersistentDaemonRegistry] Removing daemon address: [f50683f8-0c6a-4e28-bc5b-efa6fc458def port:44815, addresses:[/127.0.0.1]]
12:21:03.155 [DEBUG] [org.gradle.cache.internal.DefaultFileLockManager] Waiting to acquire exclusive lock on daemon addresses registry.
12:21:03.156 [DEBUG] [org.gradle.cache.internal.DefaultFileLockManager] Lock acquired on daemon addresses registry.
12:21:03.156 [DEBUG] [org.gradle.cache.internal.DefaultFileLockManager] Releasing lock on daemon addresses registry.
